fetching 26 series soft files...
GSE10072: softpath already exists
GSE10245: softpath already exists
/proj/price1/vcassen/trends/data/GEO/series/GSE10445/GSE10445_family.soft.gz downloaded
/proj/price1/vcassen/trends/data/GEO/series/GSE10799/GSE10799_family.soft.gz downloaded
/proj/price1/vcassen/trends/data/GEO/series/GSE12345/GSE12345_family.soft.gz downloaded
/proj/price1/vcassen/trends/data/GEO/series/GSE12667/GSE12667_family.soft.gz downloaded
GSE14814: softpath already exists
/proj/price1/vcassen/trends/data/GEO/series/GSE15/GSE15_family.soft.gz downloaded
GSE1643: softpath already exists
GSE1650: softpath already exists
/proj/price1/vcassen/trends/data/GEO/series/GSE17475/GSE17475_family.soft.gz downloaded
/proj/price1/vcassen/trends/data/GEO/series/GSE18842/GSE18842_family.soft.gz downloaded
GSE18965: softpath already exists
/proj/price1/vcassen/trends/data/GEO/series/GSE19188/GSE19188_family.soft.gz downloaded
/proj/price1/vcassen/trends/data/GEO/series/GSE2109/GSE2109_family.soft.gz downloaded
/proj/price1/vcassen/trends/data/GEO/series/GSE231/GSE231_family.soft.gz downloaded
/proj/price1/vcassen/trends/data/GEO/series/GSE3141/GSE3141_family.soft.gz downloaded
/proj/price1/vcassen/trends/data/GEO/series/GSE4302/GSE4302_family.soft.gz downloaded
/proj/price1/vcassen/trends/data/GEO/series/GSE47/GSE47_family.soft.gz downloaded
/proj/price1/vcassen/trends/data/GEO/series/GSE5058/GSE5058_family.soft.gz downloaded
/proj/price1/vcassen/trends/data/GEO/series/GSE6253/GSE6253_family.soft.gz downloaded
/proj/price1/vcassen/trends/data/GEO/series/GSE7368/GSE7368_family.soft.gz downloaded
/proj/price1/vcassen/trends/data/GEO/series/GSE7670/GSE7670_family.soft.gz downloaded
/proj/price1/vcassen/trends/data/GEO/series/GSE8545/GSE8545_family.soft.gz downloaded
/proj/price1/vcassen/trends/data/GEO/series/GSE8581/GSE8581_family.soft.gz downloaded
GSE994: softpath already exists
stats: $VAR1 = {
          'previous' => 7,
          'downloaded' => 19,
          'fuse' => -1
        };
