processing 26 files
already processed /proj/price1/vcassen/trends/data/GEO/series/GSE10072/GSE10072_family.soft, skipping
already processed /proj/price1/vcassen/trends/data/GEO/series/GSE10245/GSE10245_family.soft, skipping
trying to open /proj/price1/vcassen/trends/data/GEO/series/GSE10445/GSE10445_family.soft at /proj/price1/vcassen/trends/bin/../lib/ParseSoft.pm line 64.
platform GPL570 already in db and data.table exists, skipping
trying to open /proj/price1/vcassen/trends/data/GEO/series/GSE10799/GSE10799_family.soft at /proj/price1/vcassen/trends/bin/../lib/ParseSoft.pm line 64.
platform GPL570 already in db and data.table exists, skipping
trying to open /proj/price1/vcassen/trends/data/GEO/series/GSE12345/GSE12345_family.soft at /proj/price1/vcassen/trends/bin/../lib/ParseSoft.pm line 64.
platform GPL570 already in db and data.table exists, skipping
trying to open /proj/price1/vcassen/trends/data/GEO/series/GSE12667/GSE12667_family.soft at /proj/price1/vcassen/trends/bin/../lib/ParseSoft.pm line 64.
platform GPL570 already in db and data.table exists, skipping

gunzip: /proj/price1/vcassen/trends/data/GEO/series/GSE14814/GSE14814_family.soft.gz: unexpected end of file
trying to open /proj/price1/vcassen/trends/data/GEO/series/GSE14814/GSE14814_family.soft at /proj/price1/vcassen/trends/bin/../lib/ParseSoft.pm line 64.
Can't open /proj/price1/vcassen/trends/data/GEO/series/GSE14814/GSE14814_family.soft: No such file or directory at /proj/price1/vcassen/trends/bin/../lib/ParseSoft.pm line 65.
processing 26 files
already processed /proj/price1/vcassen/trends/data/GEO/series/GSE10072/GSE10072_family.soft, skipping
already processed /proj/price1/vcassen/trends/data/GEO/series/GSE10245/GSE10245_family.soft, skipping
already processed /proj/price1/vcassen/trends/data/GEO/series/GSE10445/GSE10445_family.soft, skipping
already processed /proj/price1/vcassen/trends/data/GEO/series/GSE10799/GSE10799_family.soft, skipping
already processed /proj/price1/vcassen/trends/data/GEO/series/GSE12345/GSE12345_family.soft, skipping
already processed /proj/price1/vcassen/trends/data/GEO/series/GSE12667/GSE12667_family.soft, skipping

gunzip: /proj/price1/vcassen/trends/data/GEO/series/GSE14814/GSE14814_family.soft.gz: unexpected end of file
error during 'gunzip /proj/price1/vcassen/trends/data/GEO/series/GSE14814/GSE14814_family.soft.gz'
trying to open /proj/price1/vcassen/trends/data/GEO/series/GSE15/GSE15_family.soft at /proj/price1/vcassen/trends/bin/../lib/ParseSoft.pm line 64.
Exiting eval via last at parse_series_soft.pl line 132.
trying to open /proj/price1/vcassen/trends/data/GEO/series/GSE1643/GSE1643_family.soft at /proj/price1/vcassen/trends/bin/../lib/ParseSoft.pm line 64.
platform GPL570 already in db and data.table exists, skipping
Exiting eval via last at parse_series_soft.pl line 132.
trying to open /proj/price1/vcassen/trends/data/GEO/series/GSE1650/GSE1650_family.soft at /proj/price1/vcassen/trends/bin/../lib/ParseSoft.pm line 64.
platform GPL96 already in db and data.table exists, skipping
Exiting eval via last at parse_series_soft.pl line 132.
trying to open /proj/price1/vcassen/trends/data/GEO/series/GSE17475/GSE17475_family.soft at /proj/price1/vcassen/trends/bin/../lib/ParseSoft.pm line 64.
platform GPL96 already in db and data.table exists, skipping
Exiting eval via last at parse_series_soft.pl line 132.
trying to open /proj/price1/vcassen/trends/data/GEO/series/GSE18842/GSE18842_family.soft at /proj/price1/vcassen/trends/bin/../lib/ParseSoft.pm line 64.
platform GPL570 already in db and data.table exists, skipping
Exiting eval via last at parse_series_soft.pl line 132.
trying to open /proj/price1/vcassen/trends/data/GEO/series/GSE18965/GSE18965_family.soft at /proj/price1/vcassen/trends/bin/../lib/ParseSoft.pm line 64.
platform GPL96 already in db and data.table exists, skipping
Exiting eval via last at parse_series_soft.pl line 132.
trying to open /proj/price1/vcassen/trends/data/GEO/series/GSE19188/GSE19188_family.soft at /proj/price1/vcassen/trends/bin/../lib/ParseSoft.pm line 64.
platform GPL570 already in db and data.table exists, skipping
Exiting eval via last at parse_series_soft.pl line 132.
trying to open /proj/price1/vcassen/trends/data/GEO/series/GSE2109/GSE2109_family.soft at /proj/price1/vcassen/trends/bin/../lib/ParseSoft.pm line 64.
platform GPL570 already in db and data.table exists, skipping
Exiting eval via last at parse_series_soft.pl line 132.
trying to open /proj/price1/vcassen/trends/data/GEO/series/GSE231/GSE231_family.soft at /proj/price1/vcassen/trends/bin/../lib/ParseSoft.pm line 64.
Exiting eval via last at parse_series_soft.pl line 132.
trying to open /proj/price1/vcassen/trends/data/GEO/series/GSE3141/GSE3141_family.soft at /proj/price1/vcassen/trends/bin/../lib/ParseSoft.pm line 64.
platform GPL570 already in db and data.table exists, skipping
Exiting eval via last at parse_series_soft.pl line 132.
trying to open /proj/price1/vcassen/trends/data/GEO/series/GSE4302/GSE4302_family.soft at /proj/price1/vcassen/trends/bin/../lib/ParseSoft.pm line 64.
platform GPL570 already in db and data.table exists, skipping
Exiting eval via last at parse_series_soft.pl line 132.
trying to open /proj/price1/vcassen/trends/data/GEO/series/GSE47/GSE47_family.soft at /proj/price1/vcassen/trends/bin/../lib/ParseSoft.pm line 64.
Exiting eval via last at parse_series_soft.pl line 132.
trying to open /proj/price1/vcassen/trends/data/GEO/series/GSE5058/GSE5058_family.soft at /proj/price1/vcassen/trends/bin/../lib/ParseSoft.pm line 64.
platform GPL570 already in db and data.table exists, skipping
Exiting eval via last at parse_series_soft.pl line 132.
trying to open /proj/price1/vcassen/trends/data/GEO/series/GSE6253/GSE6253_family.soft at /proj/price1/vcassen/trends/bin/../lib/ParseSoft.pm line 64.
platform GPL96 already in db and data.table exists, skipping
platform GPL8300 already in db and data.table exists, skipping
Exiting eval via last at parse_series_soft.pl line 132.
trying to open /proj/price1/vcassen/trends/data/GEO/series/GSE7368/GSE7368_family.soft at /proj/price1/vcassen/trends/bin/../lib/ParseSoft.pm line 64.
platform GPL570 already in db and data.table exists, skipping
Exiting eval via last at parse_series_soft.pl line 132.
trying to open /proj/price1/vcassen/trends/data/GEO/series/GSE7670/GSE7670_family.soft at /proj/price1/vcassen/trends/bin/../lib/ParseSoft.pm line 64.
platform GPL96 already in db and data.table exists, skipping
Exiting eval via last at parse_series_soft.pl line 132.
trying to open /proj/price1/vcassen/trends/data/GEO/series/GSE8545/GSE8545_family.soft at /proj/price1/vcassen/trends/bin/../lib/ParseSoft.pm line 64.
platform GPL570 already in db and data.table exists, skipping
Exiting eval via last at parse_series_soft.pl line 132.
trying to open /proj/price1/vcassen/trends/data/GEO/series/GSE8581/GSE8581_family.soft at /proj/price1/vcassen/trends/bin/../lib/ParseSoft.pm line 64.
platform GPL570 already in db and data.table exists, skipping
Exiting eval via last at parse_series_soft.pl line 132.
already processed /proj/price1/vcassen/trends/data/GEO/series/GSE994/GSE994_family.soft, skipping
stats: $VAR1 = {
          'success' => 3084,
          'inserted' => 2943,
          'updated' => 141
        };
