writing to db geo
processing 1 files (fuse=-1)
parsing /proj/price1/vcassen/trends/data/GEO/series/GSE5511/GSE5511_family.soft.gz...
parsing /proj/price1/vcassen/trends/data/GEO/series/GSE5511/GSE5511_family.soft.gz...
trying to open /proj/price1/vcassen/trends/data/GEO/series/GSE5511/GSE5511_family.soft at /proj/price1/vcassen/trends/bin/../lib/ParseSoft.pm line 64.
tied GSE5511 to GSM127290
tied GSE5511 to GSM127291
tied GSE5511 to GSM127292
tied GSE5511 to GSM127293
tied GSE5511 to GSM127294
tied GSE5511 to GSM127295
tied GSE5511 to GSM127296
tied GSE5511 to GSM127297
tied GSE5511 to GSM127298
tied GSE5511 to GSM127299
tied GSE5511 to GSM127300
tied GSE5511 to GSM127301
tied GSE5511 to GSM127302
tied GSE5511 to GSM127303
tied GSE5511 to GSM127304
tied GSE5511 to GSM127305
tied GSE5511 to GSM127306
tied GSE5511 to GSM127307
tied GSE5511 to GSM127308
tied GSE5511 to GSM127309
tied GSE5511 to GSM127310
tied GSE5511 to GSM127311
tied GSE5511 to GSM127312
tied GSE5511 to GSM127313
tied GSE5511 to GSM127314
tied GSE5511 to GSM127315
tied GSE5511 to GSM127316
tied GSE5511 to GSM127317
tied GSE5511 to GSM127318
tied GSE5511 to GSM127319
tied GSE5511 to GSM127320
tied GSE5511 to GSM127321
tied GSE5511 to GSM127322
tied GSE5511 to GSM127323
tied GSE5511 to GSM127324
tied GSE5511 to GSM127325
tied GSE5511 to GSM127326
tied GSE5511 to GSM127327
tied GSE5511 to GSM127328
tied GSE5511 to GSM127329
tied GSE5511 to GSM127330
tied GSE5511 to GSM127331
tied GSE5511 to GSM127332
tied GSE5511 to GSM127333
tied GSE5511 to GSM127334
tied GSE5511 to GSM127335
tied GSE5511 to GSM127336
tied GSE5511 to GSM127337
tied GSE5511 to GSM127338
tied GSE5511 to GSM127339
tied GSE5511 to GSM127340
tied GSE5511 to GSM127341
tied GSE5511 to GSM127342
tied GSE5511 to GSM127343
tied GSE5511 to GSM127344
tied GSE5511 to GSM127345
tied GSE5511 to GSM127346
tied GSE5511 to GSM127347
tied GSE5511 to GSM127348
tied GSE5511 to GSM127349
tied GSE5511 to GSM127350
tied GSE5511 to GSM127351
tied GSE5511 to GSM127352
tied GSE5511 to GSM127353
tied GSE5511 to GSM127354
tied GSE5511 to GSM127355
tied GSE5511 to GSM127356
tied GSE5511 to GSM127357
tied GSE5511 to GSM127358
tied GSE5511 to GSM127359
tied GSE5511 to GSM127360
tied GSE5511 to GSM127361
tied GSE5511 to GSM127362
tied GSE5511 to GSM127363
tied GSE5511 to GSM127364
tied GSE5511 to GSM127365
tied GSE5511 to GSM127366
tied GSE5511 to GSM127367
tied GSE5511 to GSM127368
tied GSE5511 to GSM127369
tied GSE5511 to GSM127370
tied GSE5511 to GSM127371
tied GSE5511 to GSM127372
tied GSE5511 to GSM127373
tied GSE5511 to GSM127374
tied GSE5511 to GSM127375
tied GSE5511 to GSM127376
tied GSE5511 to GSM127377
tied GSE5511 to GSM127378
tied GSE5511 to GSM127379
tied GSE5511 to GSM127380
tied GSE5511 to GSM127381
tied GSE5511 to GSM127382
tied GSE5511 to GSM127383
tied GSE5511 to GSM127384
tied GSE5511 to GSM127385
tied GSE5511 to GSM127386
tied GSE5511 to GSM127387
tied GSE5511 to GSM127388
tied GSE5511 to GSM127389
tied GSE5511 to GSM127390
tied GSE5511 to GSM127391
tied GSE5511 to GSM127392
tied GSE5511 to GSM127393
tied GSE5511 to GSM127394
tied GSE5511 to GSM127395
tied GSE5511 to GSM127396
tied GSE5511 to GSM127397
tied GSE5511 to GSM127398
tied GSE5511 to GSM127399
tied GSE5511 to GSM127400
tied GSE5511 to GSM127401
tied GSE5511 to GSM127402
tied GSE5511 to GSM127403
tied GSE5511 to GSM127404
tied GSE5511 to GSM127405
tied GSE5511 to GSM127406
tied GSE5511 to GSM127407
tied GSE5511 to GSM127408
tied GSE5511 to GSM127409
tied GSE5511 to GSM127410
tied GSE5511 to GSM127411
tied GSE5511 to GSM127412
tied GSE5511 to GSM127413
tied GSE5511 to GSM127414
tied GSE5511 to GSM127415
tied GSE5511 to GSM127416
tied GSE5511 to GSM127417
tied GSE5511 to GSM127418
tied GSE5511 to GSM127419
tied GSE5511 to GSM127420
tied GSE5511 to GSM127421
tied GSE5511 to GSM127422
tied GSE5511 to GSM127423
tied GSE5511 to GSM127424
tied GSE5511 to GSM127425
tied GSE5511 to GSM127426
tied GSE5511 to GSM127427
tied GSE5511 to GSM127428
tied GSE5511 to GSM127429
tied GSE5511 to GSM127430
tied GSE5511 to GSM127431
tied GSE5511 to GSM127432
tied GSE5511 to GSM127433
tied GSE5511 to GSM127434
tied GSE5511 to GSM127435
tied GSE5511 to GSM127436
tied GSE5511 to GSM127437
tied GSE5511 to GSM127438
tied GSE5511 to GSM127439
tied GSE5511 to GSM127440
tied GSE5511 to GSM127441
tied GSE5511 to GSM127442
tied GSE5511 to GSM127443
tied GSE5511 to GSM127444
tied GSE5511 to GSM127445
tied GSE5511 to GSM127446
tied GSE5511 to GSM127447
tied GSE5511 to GSM127448
tied GSE5511 to GSM127449
tied GSE5511 to GSM127450
tied GSE5511 to GSM127451
tied GSE5511 to GSM127452
tied GSE5511 to GSM127453
tied GSE5511 to GSM127454
tied GSE5511 to GSM127455
tied GSE5511 to GSM127456
tied GSE5511 to GSM127457
tied GSE5511 to GSM127458
tied GSE5511 to GSM127459
tied GSE5511 to GSM127460
tied GSE5511 to GSM127461
tied GSE5511 to GSM127462
tied GSE5511 to GSM127463
tied GSE5511 to GSM127464
tied GSE5511 to GSM127465
tied GSE5511 to GSM127466
tied GSE5511 to GSM127467
tied GSE5511 to GSM127468
tied GSE5511 to GSM127469
tied GSE5511 to GSM127470
tied GSE5511 to GSM127471
tied GSE5511 to GSM127472
tied GSE5511 to GSM127473
tied GSE5511 to GSM127474
tied GSE5511 to GSM127475
tied GSE5511 to GSM127476
tied GSE5511 to GSM127477
tied GSE5511 to GSM127478
tied GSE5511 to GSM127479
tied GSE5511 to GSM127480
tied GSE5511 to GSM127481
tied GSE5511 to GSM127482
tied GSE5511 to GSM127483
tied GSE5511 to GSM127484
tied GSE5511 to GSM127485
tied GSE5511 to GSM127486
tied GSE5511 to GSM127487
tied GSE5511 to GSM127488
tied GSE5511 to GSM127489
tied GSE5511 to GSM127490
tied GSE5511 to GSM127491
tied GSE5511 to GSM127492
tied GSE5511 to GSM127493
tied GSE5511 to GSM127494
tied GSE5511 to GSM127495
tied GSE5511 to GSM127496
tied GSE5511 to GSM127497
tied GSE5511 to GSM127498
tied GSE5511 to GSM127499
tied GSE5511 to GSM127500
tied GSE5511 to GSM127501
tied GSE5511 to GSM127502
tied GSE5511 to GSM127503
tied GSE5511 to GSM127504
tied GSE5511 to GSM127505
tied GSE5511 to GSM127506
tied GSE5511 to GSM127507
tied GSE5511 to GSM127508
tied GSE5511 to GSM127509
tied GSE5511 to GSM127510
tied GSE5511 to GSM127511
tied GSE5511 to GSM127512
tied GSE5511 to GSM127513
tied GSE5511 to GSM127514
tied GSE5511 to GSM127515
tied GSE5511 to GSM127516
tied GSE5511 to GSM127517
tied GSE5511 to GSM127518
tied GSE5511 to GSM127519
tied GSE5511 to GSM127520
tied GSE5511 to GSM127521
tied GSE5511 to GSM127522
tied GSE5511 to GSM127523
tied GSE5511 to GSM127524
tied GSE5511 to GSM127525
tied GSE5511 to GSM127526
tied GSE5511 to GSM127527
tied GSE5511 to GSM127528
tied GSE5511 to GSM127529
tied GSE5511 to GSM127530
tied GSE5511 to GSM127531
tied GSE5511 to GSM127532
tied GSE5511 to GSM127533
tied GSE5511 to GSM127534
tied GSE5511 to GSM127535
tied GSE5511 to GSM127536
tied GSE5511 to GSM127537
tied GSE5511 to GSM127538
tied GSE5511 to GSM127539
tied GSE5511 to GSM127540
tied GSE5511 to GSM127541
tied GSE5511 to GSM127542
tied GSE5511 to GSM127543
tied GSE5511 to GSM127544
tied GSE5511 to GSM127545
tied GSE5511 to GSM127546
tied GSE5511 to GSM127547
tied GSE5511 to GSM127548
tied GSE5511 to GSM127549
tied GSE5511 to GSM127550
tied GSE5511 to GSM127551
tied GSE5511 to GSM127552
tied GSE5511 to GSM127553
tied GSE5511 to GSM127554
tied GSE5511 to GSM127555
tied GSE5511 to GSM127556
tied GSE5511 to GSM127557
tied GSE5511 to GSM127558
tied GSE5511 to GSM127559
tied GSE5511 to GSM127560
tied GSE5511 to GSM127561
tied GSE5511 to GSM127562
tied GSE5511 to GSM127563
tied GSE5511 to GSM127564
tied GSE5511 to GSM127565
tied GSE5511 to GSM127566
tied GSE5511 to GSM127567
tied GSE5511 to GSM127568
tied GSE5511 to GSM127569
tied GSE5511 to GSM127570
tied GSE5511 to GSM127571
tied GSE5511 to GSM127572
tied GSE5511 to GSM127573
tied GSE5511 to GSM127574
tied GSE5511 to GSM127575
tied GSE5511 to GSM127576
tied GSE5511 to GSM127577
tied GSE5511 to GSM127578
tied GSE5511 to GSM127579
tied GSE5511 to GSM127580
tied GSE5511 to GSM127581
tied GSE5511 to GSM127582
tied GSE5511 to GSM127583
tied GSE5511 to GSM127584
tied GSE5511 to GSM127585
tied GSE5511 to GSM127586
tied GSE5511 to GSM127587
tied GSE5511 to GSM127588
tied GSE5511 to GSM127589
tied GSE5511 to GSM127590
tied GSE5511 to GSM127591
tied GSE5511 to GSM127592
tied GSE5511 to GSM127593
tied GSE5511 to GSM127606
tied GSE5511 to GSM127607
tied GSE5511 to GSM127608
tied GSE5511 to GSM127609
tied GSE5511 to GSM127610
tied GSE5511 to GSM127611
tied GSE5511 to GSM127612
tied GSE5511 to GSM127613
tied GSE5511 to GSM127614
tied GSE5511 to GSM127615
tied GSE5511 to GSM127616
tied GSE5511 to GSM127617
tied GSE5511 to GSM127618
tied GSE5511 to GSM127619
tied GSE5511 to GSM127620
tied GSE5511 to GSM127621
tied GSE5511 to GSM127622
tied GSE5511 to GSM127623
tied GSE5511 to GSM127624
tied GSE5511 to GSM127625
tied GSE5511 to GSM127626
tied GSE5511 to GSM127627
tied GSE5511 to GSM127628
tied GSE5511 to GSM127629
tied GSE5511 to GSM127630
tied GSE5511 to GSM127631
tied GSE5511 to GSM127632
tied GSE5511 to GSM127633
tied GSE5511 to GSM127634
tied GSE5511 to GSM127635
tied GSE5511 to GSM127636
tied GSE5511 to GSM127637
tied GSE5511 to GSM127638
tied GSE5511 to GSM127639
tied GSE5511 to GSM127640
tied GSE5511 to GSM127641
tied GSE5511 to GSM127642
tied GSE5511 to GSM127643
tied GSE5511 to GSM127644
tied GSE5511 to GSM127645
tied GSE5511 to GSM127646
tied GSE5511 to GSM127647
tied GSE5511 to GSM127648
tied GSE5511 to GSM127649
tied GSE5511 to GSM127650
tied GSE5511 to GSM127651
tied GSE5511 to GSM127652
tied GSE5511 to GSM127653
tied GSE5511 to GSM127654
tied GSE5511 to GSM127655
tied GSE5511 to GSM127656
tied GSE5511 to GSM127657
tied GSE5511 to GSM127658
tied GSE5511 to GSM127659
tied GSE5511 to GSM127660
tied GSE5511 to GSM127661
tied GSE5511 to GSM127662
tied GSE5511 to GSM127663
tied GSE5511 to GSM127664
tied GSE5511 to GSM127665
tied GSE5511 to GSM127666
tied GSE5511 to GSM127667
tied GSE5511 to GSM127668
tied GSE5511 to GSM127669
tied GSE5511 to GSM127670
tied GSE5511 to GSM127671
tied GSE5511 to GSM127672
tied GSE5511 to GSM127673
tied GSE5511 to GSM127674
tied GSE5511 to GSM127675
tied GSE5511 to GSM127676
tied GSE5511 to GSM127677
tied GSE5511 to GSM127678
tied GSE5511 to GSM127679
tied GSE5511 to GSM127680
tied GSE5511 to GSM127681
tied GSE5511 to GSM127682
tied GSE5511 to GSM127683
tied GSE5511 to GSM127684
tied GSE5511 to GSM127685
tied GSE5511 to GSM127686
tied GSE5511 to GSM127687
tied GSE5511 to GSM127688
tied GSE5511 to GSM127689
tied GSE5511 to GSM127690
tied GSE5511 to GSM127691
tied GSE5511 to GSM127692
tied GSE5511 to GSM127693
tied GSE5511 to GSM127694
tied GSE5511 to GSM127695
tied GSE5511 to GSM127696
tied GSE5511 to GSM127697
tied GSE5511 to GSM127698
tied GSE5511 to GSM127699
tied GSE5511 to GSM127700
tied GSE5511 to GSM127701
tied GSE5511 to GSM127702
tied GSE5511 to GSM127703
tied GSE5511 to GSM127704
tied GSE5511 to GSM127705
tied GSE5511 to GSM127706
tied GSE5511 to GSM127707
tied GSE5511 to GSM127708
tied GSE5511 to GSM127709
tied GSE5511 to GSM127710
tied GSE5511 to GSM127711
tied GSE5511 to GSM127712
tied GSE5511 to GSM127713
tied GSE5511 to GSM127714
tied GSE5511 to GSM127715
tied GSE5511 to GSM127716
tied GSE5511 to GSM127717
tied GSE5511 to GSM127718
tied GSE5511 to GSM127719
tied GSE5511 to GSM127720
tied GSE5511 to GSM127721
tied GSE5511 to GSM127722
tied GSE5511 to GSM127723
tied GSE5511 to GSM127724
tied GSE5511 to GSM127725
tied GSE5511 to GSM127726
tied GSE5511 to GSM127727
tied GSE5511 to GSM127728
tied GSE5511 to GSM127729
tied GSE5511 to GSM127730
tied GSE5511 to GSM127731
tied GSE5511 to GSM127732
tied GSE5511 to GSM127733
tied GSE5511 to GSM127734
tied GSE5511 to GSM127735
tied GSE5511 to GSM127736
tied GSE5511 to GSM127737
tied GSE5511 to GSM127738
tied GSE5511 to GSM127739
tied GSE5511 to GSM127740
tied GSE5511 to GSM127741
tied GSE5511 to GSM127742
tied GSE5511 to GSM127743
tied GSE5511 to GSM127744
tied GSE5511 to GSM127745
tied GSE5511 to GSM127746
tied GSE5511 to GSM127747
tied GSE5511 to GSM127748
tied GSE5511 to GSM127749
tied GSE5511 to GSM127750
tied GSE5511 to GSM127751
tied GSE5511 to GSM127752
tied GSE5511 to GSM127753
tied GSE5511 to GSM127754
tied GSE5511 to GSM127755
tied GSE5511 to GSM127756
tied GSE5511 to GSM127757
tied GSE5511 to GSM127758
tied GSE5511 to GSM127759
tied GSE5511 to GSM127760
tied GSE5511 to GSM127761
tied GSE5511 to GSM127762
tied GSE5511 to GSM127763
tied GSE5511 to GSM127764
tied GSE5511 to GSM127765
tied GSE5511 to GSM127766
tied GSE5511 to GSM127767
tied GSE5511 to GSM127768
tied GSE5511 to GSM127769
tied GSE5511 to GSM127770
tied GSE5511 to GSM127771
tied GSE5511 to GSM127772
tied GSE5511 to GSM127773
tied GSE5511 to GSM127774
tied GSE5511 to GSM127775
tied GSE5511 to GSM127776
tied GSE5511 to GSM127777
tied GSE5511 to GSM127778
tied GSE5511 to GSM127779
tied GSE5511 to GSM127780
tied GSE5511 to GSM127781
tied GSE5511 to GSM127782
tied GSE5511 to GSM127783
tied GSE5511 to GSM127784
tied GSE5511 to GSM127785
tied GSE5511 to GSM127786
tied GSE5511 to GSM127787
tied GSE5511 to GSM127788
tied GSE5511 to GSM127789
tied GSE5511 to GSM127790
tied GSE5511 to GSM127791
tied GSE5511 to GSM127792
tied GSE5511 to GSM127793
tied GSE5511 to GSM127794
tied GSE5511 to GSM127795
tied GSE5511 to GSM127796
tied GSE5511 to GSM127797
tied GSE5511 to GSM127798
tied GSE5511 to GSM127799
tied GSE5511 to GSM127800
tied GSE5511 to GSM127801
tied GSE5511 to GSM127802
tied GSE5511 to GSM127803
tied GSE5511 to GSM127804
tied GSE5511 to GSM127805
tied GSE5511 to GSM127806
tied GSE5511 to GSM127807
tied GSE5511 to GSM127808
tied GSE5511 to GSM127809
tied GSE5511 to GSM127810
tied GSE5511 to GSM127811
tied GSE5511 to GSM127812
tied GSE5511 to GSM127813
tied GSE5511 to GSM127814
tied GSE5511 to GSM127815
tied GSE5511 to GSM127816
tied GSE5511 to GSM127817
tied GSE5511 to GSM127818
tied GSE5511 to GSM127819
tied GSE5511 to GSM127820
tied GSE5511 to GSM127821
tied GSE5511 to GSM127822
tied GSE5511 to GSM127823
tied GSE5511 to GSM127824
tied GSE5511 to GSM127825
tied GSE5511 to GSM127826
tied GSE5511 to GSM127827
tied GSE5511 to GSM127828
tied GSE5511 to GSM127829
tied GSE5511 to GSM127830
tied GSE5511 to GSM127831
tied GSE5511 to GSM127832
tied GSE5511 to GSM127833
tied GSE5511 to GSM127834
tied GSE5511 to GSM127835
tied GSE5511 to GSM127836
tied GSE5511 to GSM127837
tied GSE5511 to GSM127838
tied GSE5511 to GSM127839
tied GSE5511 to GSM127840
tied GSE5511 to GSM127841
tied GSE5511 to GSM127842
tied GSE5511 to GSM127843
tied GSE5511 to GSM127844
tied GSE5511 to GSM127845
tied GSE5511 to GSM127846
tied GSE5511 to GSM127847
tied GSE5511 to GSM127848
tied GSE5511 to GSM127849
tied GSE5511 to GSM127850
tied GSE5511 to GSM127851
tied GSE5511 to GSM127852
tied GSE5511 to GSM127853
tied GSE5511 to GSM127854
tied GSE5511 to GSM127855
tied GSE5511 to GSM127856
tied GSE5511 to GSM127857
tied GSE5511 to GSM127858
tied GSE5511 to GSM127859
tied GSE5511 to GSM127860
tied GSE5511 to GSM127861
tied GSE5511 to GSM127862
tied GSE5511 to GSM127863
tied GSE5511 to GSM127864
tied GSE5511 to GSM127865
tied GSE5511 to GSM127866
tied GSE5511 to GSM127867
tied GSE5511 to GSM127868
tied GSE5511 to GSM127869
tied GSE5511 to GSM127870
tied GSE5511 to GSM127871
tied GSE5511 to GSM127872
tied GSE5511 to GSM127873
tied GSE5511 to GSM127874
tied GSE5511 to GSM127875
tied GSE5511 to GSM127876
tied GSE5511 to GSM127877
tied GSE5511 to GSM127878
tied GSE5511 to GSM127879
tied GSE5511 to GSM127880
tied GSE5511 to GSM127881
tied GSE5511 to GSM127882
tied GSE5511 to GSM127883
tied GSE5511 to GSM127884
tied GSE5511 to GSM127885
tied GSE5511 to GSM127886
tied GSE5511 to GSM127887
tied GSE5511 to GSM127888
tied GSE5511 to GSM127889
tied GSE5511 to GSM127890
tied GSE5511 to GSM127891
tied GSE5511 to GSM127892
tied GSE5511 to GSM127893
tied GSE5511 to GSM127894
tied GSE5511 to GSM127895
tied GSE5511 to GSM127896
tied GSE5511 to GSM127897
tied GSE5511 to GSM127898
tied GSE5511 to GSM127899
tied GSE5511 to GSM127900
tied GSE5511 to GSM127901
tied GSE5511 to GSM127902
tied GSE5511 to GSM127903
tied GSE5511 to GSM127904
tied GSE5511 to GSM127905
tied GSE5511 to GSM127906
tied GSE5511 to GSM127907
tied GSE5511 to GSM127908
tied GSE5511 to GSM127909
tied GSE5511 to GSM127913
tied GSE5511 to GSM127914
tied GSE5511 to GSM127915
tied GSE5511 to GSM127916
tied GSE5511 to GSM127917
tied GSE5511 to GSM127918
tied GSE5511 to GSM127919
tied GSE5511 to GSM127920
tied GSE5511 to GSM127921
tied GSE5511 to GSM127922
tied GSE5511 to GSM127923
tied GSE5511 to GSM127924
tied GSE5511 to GSM127925
tied GSE5511 to GSM127926
tied GSE5511 to GSM127927
tied GSE5511 to GSM127928
tied GSE5511 to GSM127929
tied GSE5511 to GSM127930
tied GSE5511 to GSM127931
tied GSE5511 to GSM127932
tied GSE5511 to GSM127933
tied GSE5511 to GSM127934
tied GSE5511 to GSM127935
tied GSE5511 to GSM127936
tied GSE5511 to GSM127937
tied GSE5511 to GSM127938
tied GSE5511 to GSM127939
tied GSE5511 to GSM127940
tied GSE5511 to GSM127941
tied GSE5511 to GSM127942
tied GSE5511 to GSM127943
tied GSE5511 to GSM127944
tied GSE5511 to GSM127945
tied GSE5511 to GSM127946
tied GSE5511 to GSM127947
tied GSE5511 to GSM127948
tied GSE5511 to GSM127949
tied GSE5511 to GSM127950
tied GSE5511 to GSM127951
tied GSE5511 to GSM127952
tied GSE5511 to GSM127953
tied GSE5511 to GSM127954
tied GSE5511 to GSM127955
tied GSE5511 to GSM127956
tied GSE5511 to GSM127957
tied GSE5511 to GSM127958
tied GSE5511 to GSM127959
tied GSE5511 to GSM127960
tied GSE5511 to GSM127961
tied GSE5511 to GSM127962
tied GSE5511 to GSM127963
tied GSE5511 to GSM127964
tied GSE5511 to GSM127965
tied GSE5511 to GSM127966
tied GSE5511 to GSM127967
tied GSE5511 to GSM127968
tied GSE5511 to GSM127969
tied GSE5511 to GSM127970
tied GSE5511 to GSM127971
tied GSE5511 to GSM127972
tied GSE5511 to GSM127973
tied GSE5511 to GSM127974
tied GSE5511 to GSM127975
tied GSE5511 to GSM127976
tied GSE5511 to GSM127977
tied GSE5511 to GSM127978
tied GSE5511 to GSM127979
tied GSE5511 to GSM127980
tied GSE5511 to GSM127981
tied GSE5511 to GSM127982
tied GSE5511 to GSM127983
tied GSE5511 to GSM127984
tied GSE5511 to GSM127985
tied GSE5511 to GSM127986
tied GSE5511 to GSM127987
tied GSE5511 to GSM127988
tied GSE5511 to GSM127989
tied GSE5511 to GSM127990
tied GSE5511 to GSM127991
tied GSE5511 to GSM127992
tied GSE5511 to GSM127993
tied GSE5511 to GSM127994
tied GSE5511 to GSM127995
tied GSE5511 to GSM127996
tied GSE5511 to GSM127997
tied GSE5511 to GSM127998
tied GSE5511 to GSM127999
tied GSE5511 to GSM128000
tied GSE5511 to GSM128001
tied GSE5511 to GSM128002
tied GSE5511 to GSM128003
tied GSE5511 to GSM128004
tied GSE5511 to GSM128005
tied GSE5511 to GSM128006
tied GSE5511 to GSM128007
tied GSE5511 to GSM128008
tied GSE5511 to GSM128009
tied GSE5511 to GSM128010
tied GSE5511 to GSM128011
tied GSE5511 to GSM128012
tied GSE5511 to GSM128013
tied GSE5511 to GSM128014
tied GSE5511 to GSM128015
tied GSE5511 to GSM128016
tied GSE5511 to GSM128017
tied GSE5511 to GSM128018
tied GSE5511 to GSM128019
tied GSE5511 to GSM128020
tied GSE5511 to GSM128021
tied GSE5511 to GSM128022
tied GSE5511 to GSM128023
tied GSE5511 to GSM128024
tied GSE5511 to GSM128025
tied GSE5511 to GSM128026
tied GSE5511 to GSM128027
tied GSE5511 to GSM128028
tied GSE5511 to GSM128029
tied GSE5511 to GSM128030
tied GSE5511 to GSM128031
tied GSE5511 to GSM128032
tied GSE5511 to GSM128033
tied GSE5511 to GSM128034
tied GSE5511 to GSM128035
tied GSE5511 to GSM128036
tied GSE5511 to GSM128037
tied GSE5511 to GSM128038
tied GSE5511 to GSM128039
tied GSE5511 to GSM128040
tied GSE5511 to GSM128041
tied GSE5511 to GSM128042
tied GSE5511 to GSM128043
tied GSE5511 to GSM128044
tied GSE5511 to GSM128045
tied GSE5511 to GSM128046
tied GSE5511 to GSM128047
tied GSE5511 to GSM128048
tied GSE5511 to GSM128049
tied GSE5511 to GSM128050
tied GSE5511 to GSM128051
tied GSE5511 to GSM128052
tied GSE5511 to GSM128053
tied GSE5511 to GSM128054
tied GSE5511 to GSM128055
tied GSE5511 to GSM128056
tied GSE5511 to GSM128057
tied GSE5511 to GSM128058
tied GSE5511 to GSM128059
tied GSE5511 to GSM128060
tied GSE5511 to GSM128061
tied GSE5511 to GSM128062
tied GSE5511 to GSM128063
tied GSE5511 to GSM128064
tied GSE5511 to GSM128065
tied GSE5511 to GSM128066
tied GSE5511 to GSM128067
tied GSE5511 to GSM128068
tied GSE5511 to GSM128069
tied GSE5511 to GSM128070
tied GSE5511 to GSM128071
tied GSE5511 to GSM128072
tied GSE5511 to GSM128073
tied GSE5511 to GSM128074
tied GSE5511 to GSM128075
tied GSE5511 to GSM128076
tied GSE5511 to GSM128077
tied GSE5511 to GSM128078
tied GSE5511 to GSM128079
tied GSE5511 to GSM128080
tied GSE5511 to GSM128081
tied GSE5511 to GSM128082
tied GSE5511 to GSM128083
tied GSE5511 to GSM128084
tied GSE5511 to GSM128085
tied GSE5511 to GSM128086
tied GSE5511 to GSM128087
tied GSE5511 to GSM128088
tied GSE5511 to GSM128089
tied GSE5511 to GSM128090
tied GSE5511 to GSM128091
tied GSE5511 to GSM128092
tied GSE5511 to GSM128093
tied GSE5511 to GSM128094
tied GSE5511 to GSM128095
tied GSE5511 to GSM128096
tied GSE5511 to GSM128097
tied GSE5511 to GSM128098
tied GSE5511 to GSM128099
tied GSE5511 to GSM128100
tied GSE5511 to GSM128101
tied GSE5511 to GSM128102
tied GSE5511 to GSM128103
tied GSE5511 to GSM128104
tied GSE5511 to GSM128105
tied GSE5511 to GSM128106
tied GSE5511 to GSM128107
tied GSE5511 to GSM128108
tied GSE5511 to GSM128109
tied GSE5511 to GSM128110
tied GSE5511 to GSM128111
tied GSE5511 to GSM128112
tied GSE5511 to GSM128113
tied GSE5511 to GSM128114
tied GSE5511 to GSM128115
tied GSE5511 to GSM128116
tied GSE5511 to GSM128117
tied GSE5511 to GSM128118
tied GSE5511 to GSM128119
tied GSE5511 to GSM128120
tied GSE5511 to GSM128121
tied GSE5511 to GSM128122
tied GSE5511 to GSM128123
tied GSE5511 to GSM128124
tied GSE5511 to GSM128125
tied GSE5511 to GSM128126
tied GSE5511 to GSM128127
tied GSE5511 to GSM128128
tied GSE5511 to GSM128129
tied GSE5511 to GSM128130
tied GSE5511 to GSM128131
tied GSE5511 to GSM128132
tied GSE5511 to GSM128133
tied GSE5511 to GSM128134
tied GSE5511 to GSM128135
tied GSE5511 to GSM128136
tied GSE5511 to GSM128137
tied GSE5511 to GSM128138
tied GSE5511 to GSM128139
tied GSE5511 to GSM128140
tied GSE5511 to GSM128141
tied GSE5511 to GSM128142
tied GSE5511 to GSM128143
tied GSE5511 to GSM128144
tied GSE5511 to GSM128145
tied GSE5511 to GSM128146
tied GSE5511 to GSM128147
tied GSE5511 to GSM128148
tied GSE5511 to GSM128149
tied GSE5511 to GSM128150
tied GSE5511 to GSM128151
tied GSE5511 to GSM128152
tied GSE5511 to GSM128153
tied GSE5511 to GSM128154
tied GSE5511 to GSM128155
tied GSE5511 to GSM128156
tied GSE5511 to GSM128157
tied GSE5511 to GSM128158
tied GSE5511 to GSM128159
tied GSE5511 to GSM128160
tied GSE5511 to GSM128161
tied GSE5511 to GSM128162
tied GSE5511 to GSM128163
tied GSE5511 to GSM128164
tied GSE5511 to GSM128165
tied GSE5511 to GSM128166
tied GSE5511 to GSM128167
tied GSE5511 to GSM128168
tied GSE5511 to GSM128169
tied GSE5511 to GSM128170
tied GSE5511 to GSM128171
tied GSE5511 to GSM128172
tied GSE5511 to GSM128173
tied GSE5511 to GSM128174
tied GSE5511 to GSM128175
tied GSE5511 to GSM128176
tied GSE5511 to GSM128177
tied GSE5511 to GSM128178
tied GSE5511 to GSM128179
tied GSE5511 to GSM128180
tied GSE5511 to GSM128181
tied GSE5511 to GSM128182
tied GSE5511 to GSM128183
tied GSE5511 to GSM128184
tied GSE5511 to GSM128185
tied GSE5511 to GSM128186
tied GSE5511 to GSM128187
tied GSE5511 to GSM128188
tied GSE5511 to GSM128189
tied GSE5511 to GSM128190
tied GSE5511 to GSM128191
tied GSE5511 to GSM128192
tied GSE5511 to GSM128193
tied GSE5511 to GSM128197
tied GSE5511 to GSM128198
tied GSE5511 to GSM128199
tied GSE5511 to GSM128200
tied GSE5511 to GSM128201
tied GSE5511 to GSM128202
tied GSE5511 to GSM128203
tied GSE5511 to GSM128204
tied GSE5511 to GSM128205
tied GSE5511 to GSM128206
tied GSE5511 to GSM128207
tied GSE5511 to GSM128208
tied GSE5511 to GSM128209
tied GSE5511 to GSM128210
tied GSE5511 to GSM128212
tied GSE5511 to GSM128213
tied GSE5511 to GSM128214
tied GSE5511 to GSM128215
tied GSE5511 to GSM128216
tied GSE5511 to GSM128217
tied GSE5511 to GSM128218
tied GSE5511 to GSM128219
tied GSE5511 to GSM128220
tied GSE5511 to GSM128221
tied GSE5511 to GSM128222
tied GSE5511 to GSM128223
tied GSE5511 to GSM128224
tied GSE5511 to GSM128225
tied GSE5511 to GSM128226
tied GSE5511 to GSM128227
tied GSE5511 to GSM128228
tied GSE5511 to GSM128229
tied GSE5511 to GSM128230
tied GSE5511 to GSM128231
tied GSE5511 to GSM128232
tied GSE5511 to GSM128233
tied GSE5511 to GSM128234
tied GSE5511 to GSM128235
tied GSE5511 to GSM128236
tied GSE5511 to GSM128237
tied GSE5511 to GSM128238
tied GSE5511 to GSM128239
tied GSE5511 to GSM128240
tied GSE5511 to GSM128241
tied GSE5511 to GSM128242
tied GSE5511 to GSM128243
tied GSE5511 to GSM128244
tied GSE5511 to GSM128245
tied GSE5511 to GSM128246
tied GSE5511 to GSM128247
tied GSE5511 to GSM128248
tied GSE5511 to GSM128249
tied GSE5511 to GSM128250
tied GSE5511 to GSM128251
tied GSE5511 to GSM128252
tied GSE5511 to GSM128253
tied GSE5511 to GSM128254
tied GSE5511 to GSM128255
tied GSE5511 to GSM128256
tied GSE5511 to GSM128257
tied GSE5511 to GSM128258
tied GSE5511 to GSM128259
tied GSE5511 to GSM128260
tied GSE5511 to GSM128261
tied GSE5511 to GSM128262
tied GSE5511 to GSM128263
tied GSE5511 to GSM128264
tied GSE5511 to GSM128265
tied GSE5511 to GSM128266
tied GSE5511 to GSM128267
tied GSE5511 to GSM128268
tied GSE5511 to GSM128269
tied GSE5511 to GSM128270
tied GSE5511 to GSM128271
tied GSE5511 to GSM128272
tied GSE5511 to GSM128273
tied GSE5511 to GSM128274
tied GSE5511 to GSM128275
tied GSE5511 to GSM128276
tied GSE5511 to GSM128277
tied GSE5511 to GSM128278
tied GSE5511 to GSM128279
tied GSE5511 to GSM128280
tied GSE5511 to GSM128281
tied GSE5511 to GSM128282
tied GSE5511 to GSM128284
tied GSE5511 to GSM128285
tied GSE5511 to GSM128286
tied GSE5511 to GSM128287
tied GSE5511 to GSM128288
tied GSE5511 to GSM128289
tied GSE5511 to GSM128290
tied GSE5511 to GSM128291
tied GSE5511 to GSM128292
tied GSE5511 to GSM128293
tied GSE5511 to GSM128294
tied GSE5511 to GSM128295
tied GSE5511 to GSM128296
tied GSE5511 to GSM128297
tied GSE5511 to GSM128298
tied GSE5511 to GSM128299
tied GSE5511 to GSM128300
tied GSE5511 to GSM128301
tied GSE5511 to GSM128302
tied GSE5511 to GSM128303
tied GSE5511 to GSM128304
tied GSE5511 to GSM128305
tied GSE5511 to GSM128306
tied GSE5511 to GSM128307
tied GSE5511 to GSM128308
tied GSE5511 to GSM128309
tied GSE5511 to GSM128310
tied GSE5511 to GSM128311
tied GSE5511 to GSM128312
tied GSE5511 to GSM128313
tied GSE5511 to GSM128314
tied GSE5511 to GSM128315
tied GSE5511 to GSM128316
tied GSE5511 to GSM128317
tied GSE5511 to GSM128318
tied GSE5511 to GSM128319
tied GSE5511 to GSM128320
tied GSE5511 to GSM128321
tied GSE5511 to GSM128322
tied GSE5511 to GSM128323
tied GSE5511 to GSM128324
tied GSE5511 to GSM128325
tied GSE5511 to GSM128326
tied GSE5511 to GSM128327
tied GSE5511 to GSM128328
tied GSE5511 to GSM128329
tied GSE5511 to GSM128330
tied GSE5511 to GSM128331
tied GSE5511 to GSM128332
tied GSE5511 to GSM128333
tied GSE5511 to GSM128334
tied GSE5511 to GSM128335
tied GSE5511 to GSM128336
tied GSE5511 to GSM128337
tied GSE5511 to GSM128338
tied GSE5511 to GSM128339
tied GSE5511 to GSM128340
tied GSE5511 to GSM128341
tied GSE5511 to GSM128342
tied GSE5511 to GSM128343
tied GSE5511 to GSM128344
tied GSE5511 to GSM128347
tied GSE5511 to GSM128348
tied GSE5511 to GSM128349
tied GSE5511 to GSM128350
tied GSE5511 to GSM128351
tied GSE5511 to GSM128352
tied GSE5511 to GSM128353
tied GSE5511 to GSM128354
tied GSE5511 to GSM128355
tied GSE5511 to GSM128356
tied GSE5511 to GSM128357
tied GSE5511 to GSM128358
tied GSE5511 to GSM128359
tied GSE5511 to GSM128360
tied GSE5511 to GSM128361
tied GSE5511 to GSM128362
tied GSE5511 to GSM128363
tied GSE5511 to GSM128364
tied GSE5511 to GSM128365
tied GSE5511 to GSM128366
tied GSE5511 to GSM128367
tied GSE5511 to GSM128368
tied GSE5511 to GSM128369
tied GSE5511 to GSM128370
tied GSE5511 to GSM128371
tied GSE5511 to GSM128372
tied GSE5511 to GSM128373
tied GSE5511 to GSM128374
tied GSE5511 to GSM128375
tied GSE5511 to GSM128376
tied GSE5511 to GSM128377
tied GSE5511 to GSM128378
tied GSE5511 to GSM128379
tied GSE5511 to GSM128380
tied GSE5511 to GSM128381
tied GSE5511 to GSM128382
tied GSE5511 to GSM128383
tied GSE5511 to GSM128384
tied GSE5511 to GSM128385
tied GSE5511 to GSM128386
tied GSE5511 to GSM128387
tied GSE5511 to GSM128388
tied GSE5511 to GSM128389
tied GSE5511 to GSM128390
tied GSE5511 to GSM128391
tied GSE5511 to GSM128392
tied GSE5511 to GSM128393
tied GSE5511 to GSM128394
tied GSE5511 to GSM128395
tied GSE5511 to GSM128396
tied GSE5511 to GSM128397
tied GSE5511 to GSM128398
tied GSE5511 to GSM128399
tied GSE5511 to GSM128400
tied GSE5511 to GSM128401
tied GSE5511 to GSM128402
tied GSE5511 to GSM128403
tied GSE5511 to GSM128404
tied GSE5511 to GSM128405
tied GSE5511 to GSM128406
tied GSE5511 to GSM128407
tied GSE5511 to GSM128408
tied GSE5511 to GSM128409
tied GSE5511 to GSM128410
inserting genes->GSE5511
inserting regulating->GSE5511
inserting b->GSE5511
inserting cell->GSE5511
inserting development->GSE5511
inserting are->GSE5511
inserting mutated->GSE5511
inserting in->GSE5511
inserting acute->GSE5511
inserting lymphoid->GSE5511
inserting leukaemia->GSE5511
inserting chromosomal->GSE5511
inserting aberrations->GSE5511
inserting are->GSE5511
inserting a->GSE5511
inserting hallmark->GSE5511
inserting of->GSE5511
inserting acute->GSE5511
inserting lymphoid->GSE5511
inserting leukaemia->GSE5511
inserting all->GSE5511
inserting but->GSE5511
inserting alone->GSE5511
inserting fail->GSE5511
inserting to->GSE5511
inserting induce->GSE5511
inserting leukaemia->GSE5511
inserting to->GSE5511
inserting identify->GSE5511
inserting cooperating->GSE5511
inserting oncogenic->GSE5511
inserting lesions->GSE5511
inserting we->GSE5511
inserting performed->GSE5511
inserting genome->GSE5511
inserting wide->GSE5511
inserting analysis->GSE5511
inserting of->GSE5511
inserting leukaemic->GSE5511
inserting blasts->GSE5511
inserting from->GSE5511
inserting 242->GSE5511
inserting paediatric->GSE5511
inserting all->GSE5511
inserting patients->GSE5511
inserting using->GSE5511
inserting high->GSE5511
inserting resolution->GSE5511
inserting single->GSE5511
inserting nucleotide->GSE5511
inserting polymorphism->GSE5511
inserting arrays->GSE5511
inserting and->GSE5511
inserting genomic->GSE5511
inserting dna->GSE5511
inserting sequencing->GSE5511
inserting our->GSE5511
inserting analyses->GSE5511
inserting revealed->GSE5511
inserting deletion->GSE5511
inserting amplification->GSE5511
inserting point->GSE5511
inserting mutation->GSE5511
inserting and->GSE5511
inserting structural->GSE5511
inserting rearrangement->GSE5511
inserting in->GSE5511
inserting genes->GSE5511
inserting encoding->GSE5511
inserting key->GSE5511
inserting regulators->GSE5511
inserting of->GSE5511
inserting b->GSE5511
inserting lymphocyte->GSE5511
inserting development->GSE5511
inserting and->GSE5511
inserting differentiation->GSE5511
inserting in->GSE5511
inserting 40->GSE5511
inserting of->GSE5511
inserting b->GSE5511
inserting progenitor->GSE5511
inserting all->GSE5511
inserting pax5->GSE5511
inserting was->GSE5511
inserting the->GSE5511
inserting most->GSE5511
inserting frequent->GSE5511
inserting target->GSE5511
inserting of->GSE5511
inserting somatic->GSE5511
inserting mutation->GSE5511
inserting being->GSE5511
inserting altered->GSE5511
inserting in->GSE5511
inserting 31->GSE5511
inserting 7->GSE5511
inserting of->GSE5511
inserting cases->GSE5511
inserting the->GSE5511
inserting identified->GSE5511
inserting pax5->GSE5511
inserting mutations->GSE5511
inserting resulted->GSE5511
inserting in->GSE5511
inserting haploinsufficiency->GSE5511
inserting or->GSE5511
inserting the->GSE5511
inserting generation->GSE5511
inserting of->GSE5511
inserting hypomorphic->GSE5511
inserting alleles->GSE5511
inserting deletions->GSE5511
inserting were->GSE5511
inserting also->GSE5511
inserting detected->GSE5511
inserting in->GSE5511
inserting e2a->GSE5511
inserting ebf->GSE5511
inserting lef1->GSE5511
inserting ikaros->GSE5511
inserting and->GSE5511
inserting aiolos->GSE5511
inserting these->GSE5511
inserting findings->GSE5511
inserting demonstrate->GSE5511
inserting that->GSE5511
inserting direct->GSE5511
inserting disruption->GSE5511
inserting of->GSE5511
inserting pathways->GSE5511
inserting controlling->GSE5511
inserting b->GSE5511
inserting cell->GSE5511
inserting development->GSE5511
inserting and->GSE5511
inserting differentiation->GSE5511
inserting contributes->GSE5511
inserting to->GSE5511
inserting b->GSE5511
inserting progenitor->GSE5511
inserting all->GSE5511
inserting pathogenesis->GSE5511
inserting moreover->GSE5511
inserting these->GSE5511
inserting data->GSE5511
inserting demonstrate->GSE5511
inserting the->GSE5511
inserting power->GSE5511
inserting of->GSE5511
inserting high->GSE5511
inserting resolution->GSE5511
inserting genome->GSE5511
inserting wide->GSE5511
inserting approaches->GSE5511
inserting to->GSE5511
inserting identify->GSE5511
inserting critical->GSE5511
inserting new->GSE5511
inserting molecular->GSE5511
inserting lesions->GSE5511
inserting in->GSE5511
inserting cancer->GSE5511
inserting keywords->GSE5511
inserting disease->GSE5511
inserting state->GSE5511
inserting analysis->GSE5511
inserting ->GSE5511
inserting due->GSE5511
inserting to->GSE5511
inserting privacy->GSE5511
inserting concerns->GSE5511
inserting the->GSE5511
inserting primary->GSE5511
inserting snp->GSE5511
inserting array->GSE5511
inserting data->GSE5511
inserting is->GSE5511
inserting no->GSE5511
inserting longer->GSE5511
inserting available->GSE5511
inserting with->GSE5511
inserting unrestricted->GSE5511
inserting access->GSE5511
inserting individuals->GSE5511
inserting wishing->GSE5511
inserting to->GSE5511
inserting obtain->GSE5511
inserting this->GSE5511
inserting data->GSE5511
inserting for->GSE5511
inserting research->GSE5511
inserting purposes->GSE5511
inserting may->GSE5511
inserting request->GSE5511
inserting access->GSE5511
inserting using->GSE5511
inserting the->GSE5511
inserting web->GSE5511
inserting links->GSE5511
inserting below->GSE5511
inserting ->GSE5511
GPL2004 (GEO::Platform): writing data table to /proj/price1/vcassen/trends/data/GEO/platforms/GPL2004/GPL2004.table.data
GPL2005 (GEO::Platform): writing data table to /proj/price1/vcassen/trends/data/GEO/platforms/GPL2005/GPL2005.table.data
