writing to db geo
processing 26 files
parsing /proj/price1/vcassen/trends/data/GEO/series/GSE10072/GSE10072_family.soft.gz...
/proj/price1/vcassen/trends/data/GEO/series/GSE10072/GSE10072_family.soft: got 110 records
updating GSE10072...
GPL96 (GEO::Platform): writing data table to /proj/price1/vcassen/trends/data/GEO/platforms/GPL96/GPL96.table.data
updating GPL96...
GSM254625 (GEO::SeriesData): writing data table to /proj/price1/vcassen/trends/data/GEO/sample_data/GSM254/GSM254625.table.data
updating GSM254625...
GSM254626 (GEO::SeriesData): writing data table to /proj/price1/vcassen/trends/data/GEO/sample_data/GSM254/GSM254626.table.data
updating GSM254626...
GSM254627 (GEO::SeriesData): writing data table to /proj/price1/vcassen/trends/data/GEO/sample_data/GSM254/GSM254627.table.data
updating GSM254627...
GSM254628 (GEO::SeriesData): writing data table to /proj/price1/vcassen/trends/data/GEO/sample_data/GSM254/GSM254628.table.data
updating GSM254628...
GSM254629 (GEO::SeriesData): writing data table to /proj/price1/vcassen/trends/data/GEO/sample_data/GSM254/GSM254629.table.data
updating GSM254629...
GSM254630 (GEO::SeriesData): writing data table to /proj/price1/vcassen/trends/data/GEO/sample_data/GSM254/GSM254630.table.data
updating GSM254630...
GSM254631 (GEO::SeriesData): writing data table to /proj/price1/vcassen/trends/data/GEO/sample_data/GSM254/GSM254631.table.data
updating GSM254631...
GSM254632 (GEO::SeriesData): writing data table to /proj/price1/vcassen/trends/data/GEO/sample_data/GSM254/GSM254632.table.data
updating GSM254632...
GSM254633 (GEO::SeriesData): writing data table to /proj/price1/vcassen/trends/data/GEO/sample_data/GSM254/GSM254633.table.data
updating GSM254633...
GSM254634 (GEO::SeriesData): writing data table to /proj/price1/vcassen/trends/data/GEO/sample_data/GSM254/GSM254634.table.data
updating GSM254634...
GSM254635 (GEO::SeriesData): writing data table to /proj/price1/vcassen/trends/data/GEO/sample_data/GSM254/GSM254635.table.data
updating GSM254635...
GSM254636 (GEO::SeriesData): writing data table to /proj/price1/vcassen/trends/data/GEO/sample_data/GSM254/GSM254636.table.data
updating GSM254636...
GSM254637 (GEO::SeriesData): writing data table to /proj/price1/vcassen/trends/data/GEO/sample_data/GSM254/GSM254637.table.data
updating GSM254637...
GSM254638 (GEO::SeriesData): writing data table to /proj/price1/vcassen/trends/data/GEO/sample_data/GSM254/GSM254638.table.data
updating GSM254638...
GSM254639 (GEO::SeriesData): writing data table to /proj/price1/vcassen/trends/data/GEO/sample_data/GSM254/GSM254639.table.data
updating GSM254639...
GSM254640 (GEO::SeriesData): writing data table to /proj/price1/vcassen/trends/data/GEO/sample_data/GSM254/GSM254640.table.data
updating GSM254640...
GSM254641 (GEO::SeriesData): writing data table to /proj/price1/vcassen/trends/data/GEO/sample_data/GSM254/GSM254641.table.data
updating GSM254641...
GSM254642 (GEO::SeriesData): writing data table to /proj/price1/vcassen/trends/data/GEO/sample_data/GSM254/GSM254642.table.data
updating GSM254642...
GSM254643 (GEO::SeriesData): writing data table to /proj/price1/vcassen/trends/data/GEO/sample_data/GSM254/GSM254643.table.data
updating GSM254643...
GSM254644 (GEO::SeriesData): writing data table to /proj/price1/vcassen/trends/data/GEO/sample_data/GSM254/GSM254644.table.data
updating GSM254644...
GSM254645 (GEO::SeriesData): writing data table to /proj/price1/vcassen/trends/data/GEO/sample_data/GSM254/GSM254645.table.data
updating GSM254645...
GSM254646 (GEO::SeriesData): writing data table to /proj/price1/vcassen/trends/data/GEO/sample_data/GSM254/GSM254646.table.data
updating GSM254646...
GSM254647 (GEO::SeriesData): writing data table to /proj/price1/vcassen/trends/data/GEO/sample_data/GSM254/GSM254647.table.data
updating GSM254647...
GSM254648 (GEO::SeriesData): writing data table to /proj/price1/vcassen/trends/data/GEO/sample_data/GSM254/GSM254648.table.data
updating GSM254648...
GSM254649 (GEO::SeriesData): writing data table to /proj/price1/vcassen/trends/data/GEO/sample_data/GSM254/GSM254649.table.data
updating GSM254649...
GSM254650 (GEO::SeriesData): writing data table to /proj/price1/vcassen/trends/data/GEO/sample_data/GSM254/GSM254650.table.data
updating GSM254650...
GSM254651 (GEO::SeriesData): writing data table to /proj/price1/vcassen/trends/data/GEO/sample_data/GSM254/GSM254651.table.data
updating GSM254651...
GSM254652 (GEO::SeriesData): writing data table to /proj/price1/vcassen/trends/data/GEO/sample_data/GSM254/GSM254652.table.data
updating GSM254652...
GSM254653 (GEO::SeriesData): writing data table to /proj/price1/vcassen/trends/data/GEO/sample_data/GSM254/GSM254653.table.data
updating GSM254653...
GSM254654 (GEO::SeriesData): writing data table to /proj/price1/vcassen/trends/data/GEO/sample_data/GSM254/GSM254654.table.data
updating GSM254654...
GSM254655 (GEO::SeriesData): writing data table to /proj/price1/vcassen/trends/data/GEO/sample_data/GSM254/GSM254655.table.data
updating GSM254655...
GSM254656 (GEO::SeriesData): writing data table to /proj/price1/vcassen/trends/data/GEO/sample_data/GSM254/GSM254656.table.data
updating GSM254656...
GSM254657 (GEO::SeriesData): writing data table to /proj/price1/vcassen/trends/data/GEO/sample_data/GSM254/GSM254657.table.data
updating GSM254657...
GSM254658 (GEO::SeriesData): writing data table to /proj/price1/vcassen/trends/data/GEO/sample_data/GSM254/GSM254658.table.data
updating GSM254658...
GSM254659 (GEO::SeriesData): writing data table to /proj/price1/vcassen/trends/data/GEO/sample_data/GSM254/GSM254659.table.data
updating GSM254659...
GSM254660 (GEO::SeriesData): writing data table to /proj/price1/vcassen/trends/data/GEO/sample_data/GSM254/GSM254660.table.data
updating GSM254660...
GSM254661 (GEO::SeriesData): writing data table to /proj/price1/vcassen/trends/data/GEO/sample_data/GSM254/GSM254661.table.data
updating GSM254661...
GSM254662 (GEO::SeriesData): writing data table to /proj/price1/vcassen/trends/data/GEO/sample_data/GSM254/GSM254662.table.data
updating GSM254662...
GSM254663 (GEO::SeriesData): writing data table to /proj/price1/vcassen/trends/data/GEO/sample_data/GSM254/GSM254663.table.data
updating GSM254663...
GSM254664 (GEO::SeriesData): writing data table to /proj/price1/vcassen/trends/data/GEO/sample_data/GSM254/GSM254664.table.data
updating GSM254664...
GSM254665 (GEO::SeriesData): writing data table to /proj/price1/vcassen/trends/data/GEO/sample_data/GSM254/GSM254665.table.data
updating GSM254665...
GSM254666 (GEO::SeriesData): writing data table to /proj/price1/vcassen/trends/data/GEO/sample_data/GSM254/GSM254666.table.data
updating GSM254666...
GSM254667 (GEO::SeriesData): writing data table to /proj/price1/vcassen/trends/data/GEO/sample_data/GSM254/GSM254667.table.data
updating GSM254667...
GSM254668 (GEO::SeriesData): writing data table to /proj/price1/vcassen/trends/data/GEO/sample_data/GSM254/GSM254668.table.data
updating GSM254668...
GSM254669 (GEO::SeriesData): writing data table to /proj/price1/vcassen/trends/data/GEO/sample_data/GSM254/GSM254669.table.data
updating GSM254669...
GSM254670 (GEO::SeriesData): writing data table to /proj/price1/vcassen/trends/data/GEO/sample_data/GSM254/GSM254670.table.data
updating GSM254670...
GSM254671 (GEO::SeriesData): writing data table to /proj/price1/vcassen/trends/data/GEO/sample_data/GSM254/GSM254671.table.data
updating GSM254671...
GSM254672 (GEO::SeriesData): writing data table to /proj/price1/vcassen/trends/data/GEO/sample_data/GSM254/GSM254672.table.data
updating GSM254672...
GSM254673 (GEO::SeriesData): writing data table to /proj/price1/vcassen/trends/data/GEO/sample_data/GSM254/GSM254673.table.data
updating GSM254673...
GSM254674 (GEO::SeriesData): writing data table to /proj/price1/vcassen/trends/data/GEO/sample_data/GSM254/GSM254674.table.data
updating GSM254674...
GSM254675 (GEO::SeriesData): writing data table to /proj/price1/vcassen/trends/data/GEO/sample_data/GSM254/GSM254675.table.data
updating GSM254675...
GSM254676 (GEO::SeriesData): writing data table to /proj/price1/vcassen/trends/data/GEO/sample_data/GSM254/GSM254676.table.data
updating GSM254676...
GSM254677 (GEO::SeriesData): writing data table to /proj/price1/vcassen/trends/data/GEO/sample_data/GSM254/GSM254677.table.data
updating GSM254677...
GSM254678 (GEO::SeriesData): writing data table to /proj/price1/vcassen/trends/data/GEO/sample_data/GSM254/GSM254678.table.data
updating GSM254678...
GSM254679 (GEO::SeriesData): writing data table to /proj/price1/vcassen/trends/data/GEO/sample_data/GSM254/GSM254679.table.data
updating GSM254679...
GSM254680 (GEO::SeriesData): writing data table to /proj/price1/vcassen/trends/data/GEO/sample_data/GSM254/GSM254680.table.data
updating GSM254680...
GSM254681 (GEO::SeriesData): writing data table to /proj/price1/vcassen/trends/data/GEO/sample_data/GSM254/GSM254681.table.data
updating GSM254681...
GSM254682 (GEO::SeriesData): writing data table to /proj/price1/vcassen/trends/data/GEO/sample_data/GSM254/GSM254682.table.data
updating GSM254682...
GSM254683 (GEO::SeriesData): writing data table to /proj/price1/vcassen/trends/data/GEO/sample_data/GSM254/GSM254683.table.data
updating GSM254683...
GSM254684 (GEO::SeriesData): writing data table to /proj/price1/vcassen/trends/data/GEO/sample_data/GSM254/GSM254684.table.data
updating GSM254684...
GSM254685 (GEO::SeriesData): writing data table to /proj/price1/vcassen/trends/data/GEO/sample_data/GSM254/GSM254685.table.data
updating GSM254685...
GSM254686 (GEO::SeriesData): writing data table to /proj/price1/vcassen/trends/data/GEO/sample_data/GSM254/GSM254686.table.data
updating GSM254686...
GSM254687 (GEO::SeriesData): writing data table to /proj/price1/vcassen/trends/data/GEO/sample_data/GSM254/GSM254687.table.data
updating GSM254687...
GSM254688 (GEO::SeriesData): writing data table to /proj/price1/vcassen/trends/data/GEO/sample_data/GSM254/GSM254688.table.data
updating GSM254688...
GSM254689 (GEO::SeriesData): writing data table to /proj/price1/vcassen/trends/data/GEO/sample_data/GSM254/GSM254689.table.data
updating GSM254689...
GSM254690 (GEO::SeriesData): writing data table to /proj/price1/vcassen/trends/data/GEO/sample_data/GSM254/GSM254690.table.data
updating GSM254690...
GSM254691 (GEO::SeriesData): writing data table to /proj/price1/vcassen/trends/data/GEO/sample_data/GSM254/GSM254691.table.data
updating GSM254691...
GSM254692 (GEO::SeriesData): writing data table to /proj/price1/vcassen/trends/data/GEO/sample_data/GSM254/GSM254692.table.data
updating GSM254692...
GSM254693 (GEO::SeriesData): writing data table to /proj/price1/vcassen/trends/data/GEO/sample_data/GSM254/GSM254693.table.data
updating GSM254693...
GSM254694 (GEO::SeriesData): writing data table to /proj/price1/vcassen/trends/data/GEO/sample_data/GSM254/GSM254694.table.data
updating GSM254694...
GSM254695 (GEO::SeriesData): writing data table to /proj/price1/vcassen/trends/data/GEO/sample_data/GSM254/GSM254695.table.data
updating GSM254695...
GSM254696 (GEO::SeriesData): writing data table to /proj/price1/vcassen/trends/data/GEO/sample_data/GSM254/GSM254696.table.data
updating GSM254696...
GSM254697 (GEO::SeriesData): writing data table to /proj/price1/vcassen/trends/data/GEO/sample_data/GSM254/GSM254697.table.data
updating GSM254697...
GSM254698 (GEO::SeriesData): writing data table to /proj/price1/vcassen/trends/data/GEO/sample_data/GSM254/GSM254698.table.data
updating GSM254698...
GSM254699 (GEO::SeriesData): writing data table to /proj/price1/vcassen/trends/data/GEO/sample_data/GSM254/GSM254699.table.data
updating GSM254699...
GSM254700 (GEO::SeriesData): writing data table to /proj/price1/vcassen/trends/data/GEO/sample_data/GSM254/GSM254700.table.data
updating GSM254700...
GSM254701 (GEO::SeriesData): writing data table to /proj/price1/vcassen/trends/data/GEO/sample_data/GSM254/GSM254701.table.data
updating GSM254701...
GSM254702 (GEO::SeriesData): writing data table to /proj/price1/vcassen/trends/data/GEO/sample_data/GSM254/GSM254702.table.data
updating GSM254702...
GSM254703 (GEO::SeriesData): writing data table to /proj/price1/vcassen/trends/data/GEO/sample_data/GSM254/GSM254703.table.data
updating GSM254703...
GSM254704 (GEO::SeriesData): writing data table to /proj/price1/vcassen/trends/data/GEO/sample_data/GSM254/GSM254704.table.data
updating GSM254704...
GSM254705 (GEO::SeriesData): writing data table to /proj/price1/vcassen/trends/data/GEO/sample_data/GSM254/GSM254705.table.data
updating GSM254705...
GSM254706 (GEO::SeriesData): writing data table to /proj/price1/vcassen/trends/data/GEO/sample_data/GSM254/GSM254706.table.data
updating GSM254706...
GSM254707 (GEO::SeriesData): writing data table to /proj/price1/vcassen/trends/data/GEO/sample_data/GSM254/GSM254707.table.data
updating GSM254707...
GSM254708 (GEO::SeriesData): writing data table to /proj/price1/vcassen/trends/data/GEO/sample_data/GSM254/GSM254708.table.data
updating GSM254708...
GSM254709 (GEO::SeriesData): writing data table to /proj/price1/vcassen/trends/data/GEO/sample_data/GSM254/GSM254709.table.data
updating GSM254709...
GSM254710 (GEO::SeriesData): writing data table to /proj/price1/vcassen/trends/data/GEO/sample_data/GSM254/GSM254710.table.data
updating GSM254710...
GSM254711 (GEO::SeriesData): writing data table to /proj/price1/vcassen/trends/data/GEO/sample_data/GSM254/GSM254711.table.data
updating GSM254711...
GSM254712 (GEO::SeriesData): writing data table to /proj/price1/vcassen/trends/data/GEO/sample_data/GSM254/GSM254712.table.data
updating GSM254712...
GSM254713 (GEO::SeriesData): writing data table to /proj/price1/vcassen/trends/data/GEO/sample_data/GSM254/GSM254713.table.data
updating GSM254713...
GSM254714 (GEO::SeriesData): writing data table to /proj/price1/vcassen/trends/data/GEO/sample_data/GSM254/GSM254714.table.data
updating GSM254714...
GSM254715 (GEO::SeriesData): writing data table to /proj/price1/vcassen/trends/data/GEO/sample_data/GSM254/GSM254715.table.data
updating GSM254715...
GSM254716 (GEO::SeriesData): writing data table to /proj/price1/vcassen/trends/data/GEO/sample_data/GSM254/GSM254716.table.data
updating GSM254716...
GSM254717 (GEO::SeriesData): writing data table to /proj/price1/vcassen/trends/data/GEO/sample_data/GSM254/GSM254717.table.data
updating GSM254717...
GSM254718 (GEO::SeriesData): writing data table to /proj/price1/vcassen/trends/data/GEO/sample_data/GSM254/GSM254718.table.data
updating GSM254718...
GSM254719 (GEO::SeriesData): writing data table to /proj/price1/vcassen/trends/data/GEO/sample_data/GSM254/GSM254719.table.data
updating GSM254719...
GSM254720 (GEO::SeriesData): writing data table to /proj/price1/vcassen/trends/data/GEO/sample_data/GSM254/GSM254720.table.data
updating GSM254720...
GSM254721 (GEO::SeriesData): writing data table to /proj/price1/vcassen/trends/data/GEO/sample_data/GSM254/GSM254721.table.data
updating GSM254721...
GSM254722 (GEO::SeriesData): writing data table to /proj/price1/vcassen/trends/data/GEO/sample_data/GSM254/GSM254722.table.data
updating GSM254722...
GSM254723 (GEO::SeriesData): writing data table to /proj/price1/vcassen/trends/data/GEO/sample_data/GSM254/GSM254723.table.data
updating GSM254723...
GSM254724 (GEO::SeriesData): writing data table to /proj/price1/vcassen/trends/data/GEO/sample_data/GSM254/GSM254724.table.data
updating GSM254724...
GSM254725 (GEO::SeriesData): writing data table to /proj/price1/vcassen/trends/data/GEO/sample_data/GSM254/GSM254725.table.data
updating GSM254725...
GSM254726 (GEO::SeriesData): writing data table to /proj/price1/vcassen/trends/data/GEO/sample_data/GSM254/GSM254726.table.data
updating GSM254726...
GSM254727 (GEO::SeriesData): writing data table to /proj/price1/vcassen/trends/data/GEO/sample_data/GSM254/GSM254727.table.data
updating GSM254727...
GSM254728 (GEO::SeriesData): writing data table to /proj/price1/vcassen/trends/data/GEO/sample_data/GSM254/GSM254728.table.data
updating GSM254728...
GSM254729 (GEO::SeriesData): writing data table to /proj/price1/vcassen/trends/data/GEO/sample_data/GSM254/GSM254729.table.data
updating GSM254729...
GSM254730 (GEO::SeriesData): writing data table to /proj/price1/vcassen/trends/data/GEO/sample_data/GSM254/GSM254730.table.data
updating GSM254730...
GSM254731 (GEO::SeriesData): writing data table to /proj/price1/vcassen/trends/data/GEO/sample_data/GSM254/GSM254731.table.data
updating GSM254731...
parsing /proj/price1/vcassen/trends/data/GEO/series/GSE10245/GSE10245_family.soft.gz...
/proj/price1/vcassen/trends/data/GEO/series/GSE10245/GSE10245_family.soft: got 61 records
updating GSE10245...
platform GPL570 already in db and data.table exists, skipping
GSM258551 (GEO::SeriesData): writing data table to /proj/price1/vcassen/trends/data/GEO/sample_data/GSM258/GSM258551.table.data
updating GSM258551...
GSM258552 (GEO::SeriesData): writing data table to /proj/price1/vcassen/trends/data/GEO/sample_data/GSM258/GSM258552.table.data
updating GSM258552...
GSM258553 (GEO::SeriesData): writing data table to /proj/price1/vcassen/trends/data/GEO/sample_data/GSM258/GSM258553.table.data
updating GSM258553...
GSM258554 (GEO::SeriesData): writing data table to /proj/price1/vcassen/trends/data/GEO/sample_data/GSM258/GSM258554.table.data
updating GSM258554...
GSM258555 (GEO::SeriesData): writing data table to /proj/price1/vcassen/trends/data/GEO/sample_data/GSM258/GSM258555.table.data
updating GSM258555...
GSM258556 (GEO::SeriesData): writing data table to /proj/price1/vcassen/trends/data/GEO/sample_data/GSM258/GSM258556.table.data
updating GSM258556...
GSM258557 (GEO::SeriesData): writing data table to /proj/price1/vcassen/trends/data/GEO/sample_data/GSM258/GSM258557.table.data
updating GSM258557...
GSM258558 (GEO::SeriesData): writing data table to /proj/price1/vcassen/trends/data/GEO/sample_data/GSM258/GSM258558.table.data
updating GSM258558...
GSM258559 (GEO::SeriesData): writing data table to /proj/price1/vcassen/trends/data/GEO/sample_data/GSM258/GSM258559.table.data
updating GSM258559...
GSM258560 (GEO::SeriesData): writing data table to /proj/price1/vcassen/trends/data/GEO/sample_data/GSM258/GSM258560.table.data
updating GSM258560...
GSM258561 (GEO::SeriesData): writing data table to /proj/price1/vcassen/trends/data/GEO/sample_data/GSM258/GSM258561.table.data
updating GSM258561...
GSM258562 (GEO::SeriesData): writing data table to /proj/price1/vcassen/trends/data/GEO/sample_data/GSM258/GSM258562.table.data
updating GSM258562...
GSM258563 (GEO::SeriesData): writing data table to /proj/price1/vcassen/trends/data/GEO/sample_data/GSM258/GSM258563.table.data
updating GSM258563...
GSM258564 (GEO::SeriesData): writing data table to /proj/price1/vcassen/trends/data/GEO/sample_data/GSM258/GSM258564.table.data
updating GSM258564...
GSM258565 (GEO::SeriesData): writing data table to /proj/price1/vcassen/trends/data/GEO/sample_data/GSM258/GSM258565.table.data
updating GSM258565...
GSM258566 (GEO::SeriesData): writing data table to /proj/price1/vcassen/trends/data/GEO/sample_data/GSM258/GSM258566.table.data
updating GSM258566...
GSM258567 (GEO::SeriesData): writing data table to /proj/price1/vcassen/trends/data/GEO/sample_data/GSM258/GSM258567.table.data
updating GSM258567...
GSM258568 (GEO::SeriesData): writing data table to /proj/price1/vcassen/trends/data/GEO/sample_data/GSM258/GSM258568.table.data
updating GSM258568...
GSM258569 (GEO::SeriesData): writing data table to /proj/price1/vcassen/trends/data/GEO/sample_data/GSM258/GSM258569.table.data
updating GSM258569...
GSM258570 (GEO::SeriesData): writing data table to /proj/price1/vcassen/trends/data/GEO/sample_data/GSM258/GSM258570.table.data
updating GSM258570...
GSM258571 (GEO::SeriesData): writing data table to /proj/price1/vcassen/trends/data/GEO/sample_data/GSM258/GSM258571.table.data
updating GSM258571...
GSM258572 (GEO::SeriesData): writing data table to /proj/price1/vcassen/trends/data/GEO/sample_data/GSM258/GSM258572.table.data
updating GSM258572...
GSM258573 (GEO::SeriesData): writing data table to /proj/price1/vcassen/trends/data/GEO/sample_data/GSM258/GSM258573.table.data
updating GSM258573...
GSM258574 (GEO::SeriesData): writing data table to /proj/price1/vcassen/trends/data/GEO/sample_data/GSM258/GSM258574.table.data
updating GSM258574...
GSM258575 (GEO::SeriesData): writing data table to /proj/price1/vcassen/trends/data/GEO/sample_data/GSM258/GSM258575.table.data
updating GSM258575...
GSM258576 (GEO::SeriesData): writing data table to /proj/price1/vcassen/trends/data/GEO/sample_data/GSM258/GSM258576.table.data
updating GSM258576...
GSM258577 (GEO::SeriesData): writing data table to /proj/price1/vcassen/trends/data/GEO/sample_data/GSM258/GSM258577.table.data
updating GSM258577...
GSM258578 (GEO::SeriesData): writing data table to /proj/price1/vcassen/trends/data/GEO/sample_data/GSM258/GSM258578.table.data
updating GSM258578...
GSM258579 (GEO::SeriesData): writing data table to /proj/price1/vcassen/trends/data/GEO/sample_data/GSM258/GSM258579.table.data
updating GSM258579...
GSM258580 (GEO::SeriesData): writing data table to /proj/price1/vcassen/trends/data/GEO/sample_data/GSM258/GSM258580.table.data
updating GSM258580...
GSM258581 (GEO::SeriesData): writing data table to /proj/price1/vcassen/trends/data/GEO/sample_data/GSM258/GSM258581.table.data
updating GSM258581...
GSM258582 (GEO::SeriesData): writing data table to /proj/price1/vcassen/trends/data/GEO/sample_data/GSM258/GSM258582.table.data
updating GSM258582...
GSM258583 (GEO::SeriesData): writing data table to /proj/price1/vcassen/trends/data/GEO/sample_data/GSM258/GSM258583.table.data
updating GSM258583...
GSM258584 (GEO::SeriesData): writing data table to /proj/price1/vcassen/trends/data/GEO/sample_data/GSM258/GSM258584.table.data
updating GSM258584...
GSM258585 (GEO::SeriesData): writing data table to /proj/price1/vcassen/trends/data/GEO/sample_data/GSM258/GSM258585.table.data
updating GSM258585...
GSM258586 (GEO::SeriesData): writing data table to /proj/price1/vcassen/trends/data/GEO/sample_data/GSM258/GSM258586.table.data
updating GSM258586...
GSM258587 (GEO::SeriesData): writing data table to /proj/price1/vcassen/trends/data/GEO/sample_data/GSM258/GSM258587.table.data
updating GSM258587...
GSM258588 (GEO::SeriesData): writing data table to /proj/price1/vcassen/trends/data/GEO/sample_data/GSM258/GSM258588.table.data
updating GSM258588...
GSM258589 (GEO::SeriesData): writing data table to /proj/price1/vcassen/trends/data/GEO/sample_data/GSM258/GSM258589.table.data
updating GSM258589...
GSM258590 (GEO::SeriesData): writing data table to /proj/price1/vcassen/trends/data/GEO/sample_data/GSM258/GSM258590.table.data
updating GSM258590...
GSM258591 (GEO::SeriesData): writing data table to /proj/price1/vcassen/trends/data/GEO/sample_data/GSM258/GSM258591.table.data
updating GSM258591...
GSM258592 (GEO::SeriesData): writing data table to /proj/price1/vcassen/trends/data/GEO/sample_data/GSM258/GSM258592.table.data
updating GSM258592...
GSM258593 (GEO::SeriesData): writing data table to /proj/price1/vcassen/trends/data/GEO/sample_data/GSM258/GSM258593.table.data
updating GSM258593...
GSM258594 (GEO::SeriesData): writing data table to /proj/price1/vcassen/trends/data/GEO/sample_data/GSM258/GSM258594.table.data
updating GSM258594...
GSM258595 (GEO::SeriesData): writing data table to /proj/price1/vcassen/trends/data/GEO/sample_data/GSM258/GSM258595.table.data
updating GSM258595...
GSM258596 (GEO::SeriesData): writing data table to /proj/price1/vcassen/trends/data/GEO/sample_data/GSM258/GSM258596.table.data
updating GSM258596...
GSM258597 (GEO::SeriesData): writing data table to /proj/price1/vcassen/trends/data/GEO/sample_data/GSM258/GSM258597.table.data
updating GSM258597...
GSM258598 (GEO::SeriesData): writing data table to /proj/price1/vcassen/trends/data/GEO/sample_data/GSM258/GSM258598.table.data
updating GSM258598...
GSM258599 (GEO::SeriesData): writing data table to /proj/price1/vcassen/trends/data/GEO/sample_data/GSM258/GSM258599.table.data
updating GSM258599...
GSM258600 (GEO::SeriesData): writing data table to /proj/price1/vcassen/trends/data/GEO/sample_data/GSM258/GSM258600.table.data
updating GSM258600...
GSM258601 (GEO::SeriesData): writing data table to /proj/price1/vcassen/trends/data/GEO/sample_data/GSM258/GSM258601.table.data
updating GSM258601...
GSM258602 (GEO::SeriesData): writing data table to /proj/price1/vcassen/trends/data/GEO/sample_data/GSM258/GSM258602.table.data
updating GSM258602...
GSM258603 (GEO::SeriesData): writing data table to /proj/price1/vcassen/trends/data/GEO/sample_data/GSM258/GSM258603.table.data
updating GSM258603...
GSM258604 (GEO::SeriesData): writing data table to /proj/price1/vcassen/trends/data/GEO/sample_data/GSM258/GSM258604.table.data
updating GSM258604...
GSM258605 (GEO::SeriesData): writing data table to /proj/price1/vcassen/trends/data/GEO/sample_data/GSM258/GSM258605.table.data
updating GSM258605...
GSM258606 (GEO::SeriesData): writing data table to /proj/price1/vcassen/trends/data/GEO/sample_data/GSM258/GSM258606.table.data
updating GSM258606...
GSM258607 (GEO::SeriesData): writing data table to /proj/price1/vcassen/trends/data/GEO/sample_data/GSM258/GSM258607.table.data
updating GSM258607...
GSM258608 (GEO::SeriesData): writing data table to /proj/price1/vcassen/trends/data/GEO/sample_data/GSM258/GSM258608.table.data
updating GSM258608...
parsing /proj/price1/vcassen/trends/data/GEO/series/GSE10445/GSE10445_family.soft.gz...
/proj/price1/vcassen/trends/data/GEO/series/GSE10445/GSE10445_family.soft: got 75 records
updating GSE10445...
platform GPL570 already in db and data.table exists, skipping
GSM257694 (GEO::SeriesData): writing data table to /proj/price1/vcassen/trends/data/GEO/sample_data/GSM257/GSM257694.table.data
updating GSM257694...
GSM257769 (GEO::SeriesData): writing data table to /proj/price1/vcassen/trends/data/GEO/sample_data/GSM257/GSM257769.table.data
updating GSM257769...
GSM257772 (GEO::SeriesData): writing data table to /proj/price1/vcassen/trends/data/GEO/sample_data/GSM257/GSM257772.table.data
updating GSM257772...
GSM257774 (GEO::SeriesData): writing data table to /proj/price1/vcassen/trends/data/GEO/sample_data/GSM257/GSM257774.table.data
updating GSM257774...
GSM257775 (GEO::SeriesData): writing data table to /proj/price1/vcassen/trends/data/GEO/sample_data/GSM257/GSM257775.table.data
updating GSM257775...
GSM257790 (GEO::SeriesData): writing data table to /proj/price1/vcassen/trends/data/GEO/sample_data/GSM257/GSM257790.table.data
updating GSM257790...
GSM257791 (GEO::SeriesData): writing data table to /proj/price1/vcassen/trends/data/GEO/sample_data/GSM257/GSM257791.table.data
updating GSM257791...
GSM257792 (GEO::SeriesData): writing data table to /proj/price1/vcassen/trends/data/GEO/sample_data/GSM257/GSM257792.table.data
updating GSM257792...
GSM257806 (GEO::SeriesData): writing data table to /proj/price1/vcassen/trends/data/GEO/sample_data/GSM257/GSM257806.table.data
updating GSM257806...
GSM257807 (GEO::SeriesData): writing data table to /proj/price1/vcassen/trends/data/GEO/sample_data/GSM257/GSM257807.table.data
updating GSM257807...
GSM257809 (GEO::SeriesData): writing data table to /proj/price1/vcassen/trends/data/GEO/sample_data/GSM257/GSM257809.table.data
updating GSM257809...
GSM257811 (GEO::SeriesData): writing data table to /proj/price1/vcassen/trends/data/GEO/sample_data/GSM257/GSM257811.table.data
updating GSM257811...
GSM257957 (GEO::SeriesData): writing data table to /proj/price1/vcassen/trends/data/GEO/sample_data/GSM257/GSM257957.table.data
updating GSM257957...
GSM257975 (GEO::SeriesData): writing data table to /proj/price1/vcassen/trends/data/GEO/sample_data/GSM257/GSM257975.table.data
updating GSM257975...
GSM257978 (GEO::SeriesData): writing data table to /proj/price1/vcassen/trends/data/GEO/sample_data/GSM257/GSM257978.table.data
updating GSM257978...
GSM257979 (GEO::SeriesData): writing data table to /proj/price1/vcassen/trends/data/GEO/sample_data/GSM257/GSM257979.table.data
updating GSM257979...
GSM257980 (GEO::SeriesData): writing data table to /proj/price1/vcassen/trends/data/GEO/sample_data/GSM257/GSM257980.table.data
updating GSM257980...
GSM257995 (GEO::SeriesData): writing data table to /proj/price1/vcassen/trends/data/GEO/sample_data/GSM257/GSM257995.table.data
updating GSM257995...
GSM257997 (GEO::SeriesData): writing data table to /proj/price1/vcassen/trends/data/GEO/sample_data/GSM257/GSM257997.table.data
updating GSM257997...
GSM258036 (GEO::SeriesData): writing data table to /proj/price1/vcassen/trends/data/GEO/sample_data/GSM258/GSM258036.table.data
updating GSM258036...
GSM258037 (GEO::SeriesData): writing data table to /proj/price1/vcassen/trends/data/GEO/sample_data/GSM258/GSM258037.table.data
updating GSM258037...
GSM258038 (GEO::SeriesData): writing data table to /proj/price1/vcassen/trends/data/GEO/sample_data/GSM258/GSM258038.table.data
updating GSM258038...
GSM258043 (GEO::SeriesData): writing data table to /proj/price1/vcassen/trends/data/GEO/sample_data/GSM258/GSM258043.table.data
updating GSM258043...
GSM258044 (GEO::SeriesData): writing data table to /proj/price1/vcassen/trends/data/GEO/sample_data/GSM258/GSM258044.table.data
updating GSM258044...
GSM258045 (GEO::SeriesData): writing data table to /proj/price1/vcassen/trends/data/GEO/sample_data/GSM258/GSM258045.table.data
updating GSM258045...
GSM258046 (GEO::SeriesData): writing data table to /proj/price1/vcassen/trends/data/GEO/sample_data/GSM258/GSM258046.table.data
updating GSM258046...
GSM258047 (GEO::SeriesData): writing data table to /proj/price1/vcassen/trends/data/GEO/sample_data/GSM258/GSM258047.table.data
updating GSM258047...
GSM258048 (GEO::SeriesData): writing data table to /proj/price1/vcassen/trends/data/GEO/sample_data/GSM258/GSM258048.table.data
updating GSM258048...
GSM258052 (GEO::SeriesData): writing data table to /proj/price1/vcassen/trends/data/GEO/sample_data/GSM258/GSM258052.table.data
updating GSM258052...
GSM258054 (GEO::SeriesData): writing data table to /proj/price1/vcassen/trends/data/GEO/sample_data/GSM258/GSM258054.table.data
updating GSM258054...
GSM258057 (GEO::SeriesData): writing data table to /proj/price1/vcassen/trends/data/GEO/sample_data/GSM258/GSM258057.table.data
updating GSM258057...
GSM258058 (GEO::SeriesData): writing data table to /proj/price1/vcassen/trends/data/GEO/sample_data/GSM258/GSM258058.table.data
updating GSM258058...
GSM258059 (GEO::SeriesData): writing data table to /proj/price1/vcassen/trends/data/GEO/sample_data/GSM258/GSM258059.table.data
updating GSM258059...
GSM258060 (GEO::SeriesData): writing data table to /proj/price1/vcassen/trends/data/GEO/sample_data/GSM258/GSM258060.table.data
updating GSM258060...
GSM258061 (GEO::SeriesData): writing data table to /proj/price1/vcassen/trends/data/GEO/sample_data/GSM258/GSM258061.table.data
updating GSM258061...
GSM258062 (GEO::SeriesData): writing data table to /proj/price1/vcassen/trends/data/GEO/sample_data/GSM258/GSM258062.table.data
updating GSM258062...
GSM258069 (GEO::SeriesData): writing data table to /proj/price1/vcassen/trends/data/GEO/sample_data/GSM258/GSM258069.table.data
updating GSM258069...
GSM258071 (GEO::SeriesData): writing data table to /proj/price1/vcassen/trends/data/GEO/sample_data/GSM258/GSM258071.table.data
updating GSM258071...
GSM258072 (GEO::SeriesData): writing data table to /proj/price1/vcassen/trends/data/GEO/sample_data/GSM258/GSM258072.table.data
updating GSM258072...
GSM258074 (GEO::SeriesData): writing data table to /proj/price1/vcassen/trends/data/GEO/sample_data/GSM258/GSM258074.table.data
updating GSM258074...
GSM258076 (GEO::SeriesData): writing data table to /proj/price1/vcassen/trends/data/GEO/sample_data/GSM258/GSM258076.table.data
updating GSM258076...
GSM258895 (GEO::SeriesData): writing data table to /proj/price1/vcassen/trends/data/GEO/sample_data/GSM258/GSM258895.table.data
updating GSM258895...
GSM258896 (GEO::SeriesData): writing data table to /proj/price1/vcassen/trends/data/GEO/sample_data/GSM258/GSM258896.table.data
updating GSM258896...
GSM258897 (GEO::SeriesData): writing data table to /proj/price1/vcassen/trends/data/GEO/sample_data/GSM258/GSM258897.table.data
updating GSM258897...
GSM258898 (GEO::SeriesData): writing data table to /proj/price1/vcassen/trends/data/GEO/sample_data/GSM258/GSM258898.table.data
updating GSM258898...
GSM258899 (GEO::SeriesData): writing data table to /proj/price1/vcassen/trends/data/GEO/sample_data/GSM258/GSM258899.table.data
updating GSM258899...
GSM258900 (GEO::SeriesData): writing data table to /proj/price1/vcassen/trends/data/GEO/sample_data/GSM258/GSM258900.table.data
updating GSM258900...
GSM258901 (GEO::SeriesData): writing data table to /proj/price1/vcassen/trends/data/GEO/sample_data/GSM258/GSM258901.table.data
updating GSM258901...
GSM258902 (GEO::SeriesData): writing data table to /proj/price1/vcassen/trends/data/GEO/sample_data/GSM258/GSM258902.table.data
updating GSM258902...
GSM258903 (GEO::SeriesData): writing data table to /proj/price1/vcassen/trends/data/GEO/sample_data/GSM258/GSM258903.table.data
updating GSM258903...
GSM258904 (GEO::SeriesData): writing data table to /proj/price1/vcassen/trends/data/GEO/sample_data/GSM258/GSM258904.table.data
updating GSM258904...
GSM258905 (GEO::SeriesData): writing data table to /proj/price1/vcassen/trends/data/GEO/sample_data/GSM258/GSM258905.table.data
updating GSM258905...
GSM259073 (GEO::SeriesData): writing data table to /proj/price1/vcassen/trends/data/GEO/sample_data/GSM259/GSM259073.table.data
updating GSM259073...
GSM259399 (GEO::SeriesData): writing data table to /proj/price1/vcassen/trends/data/GEO/sample_data/GSM259/GSM259399.table.data
updating GSM259399...
GSM259400 (GEO::SeriesData): writing data table to /proj/price1/vcassen/trends/data/GEO/sample_data/GSM259/GSM259400.table.data
updating GSM259400...
GSM259401 (GEO::SeriesData): writing data table to /proj/price1/vcassen/trends/data/GEO/sample_data/GSM259/GSM259401.table.data
updating GSM259401...
GSM259402 (GEO::SeriesData): writing data table to /proj/price1/vcassen/trends/data/GEO/sample_data/GSM259/GSM259402.table.data
updating GSM259402...
GSM259403 (GEO::SeriesData): writing data table to /proj/price1/vcassen/trends/data/GEO/sample_data/GSM259/GSM259403.table.data
updating GSM259403...
GSM259405 (GEO::SeriesData): writing data table to /proj/price1/vcassen/trends/data/GEO/sample_data/GSM259/GSM259405.table.data
updating GSM259405...
GSM259410 (GEO::SeriesData): writing data table to /proj/price1/vcassen/trends/data/GEO/sample_data/GSM259/GSM259410.table.data
updating GSM259410...
GSM259417 (GEO::SeriesData): writing data table to /proj/price1/vcassen/trends/data/GEO/sample_data/GSM259/GSM259417.table.data
updating GSM259417...
GSM259422 (GEO::SeriesData): writing data table to /proj/price1/vcassen/trends/data/GEO/sample_data/GSM259/GSM259422.table.data
updating GSM259422...
GSM259424 (GEO::SeriesData): writing data table to /proj/price1/vcassen/trends/data/GEO/sample_data/GSM259/GSM259424.table.data
updating GSM259424...
GSM259425 (GEO::SeriesData): writing data table to /proj/price1/vcassen/trends/data/GEO/sample_data/GSM259/GSM259425.table.data
updating GSM259425...
GSM259427 (GEO::SeriesData): writing data table to /proj/price1/vcassen/trends/data/GEO/sample_data/GSM259/GSM259427.table.data
updating GSM259427...
GSM260378 (GEO::SeriesData): writing data table to /proj/price1/vcassen/trends/data/GEO/sample_data/GSM260/GSM260378.table.data
updating GSM260378...
GSM260379 (GEO::SeriesData): writing data table to /proj/price1/vcassen/trends/data/GEO/sample_data/GSM260/GSM260379.table.data
updating GSM260379...
GSM264313 (GEO::SeriesData): writing data table to /proj/price1/vcassen/trends/data/GEO/sample_data/GSM264/GSM264313.table.data
updating GSM264313...
GSM264314 (GEO::SeriesData): writing data table to /proj/price1/vcassen/trends/data/GEO/sample_data/GSM264/GSM264314.table.data
updating GSM264314...
GSM264315 (GEO::SeriesData): writing data table to /proj/price1/vcassen/trends/data/GEO/sample_data/GSM264/GSM264315.table.data
updating GSM264315...
GSM264316 (GEO::SeriesData): writing data table to /proj/price1/vcassen/trends/data/GEO/sample_data/GSM264/GSM264316.table.data
updating GSM264316...
GSM264317 (GEO::SeriesData): writing data table to /proj/price1/vcassen/trends/data/GEO/sample_data/GSM264/GSM264317.table.data
updating GSM264317...
parsing /proj/price1/vcassen/trends/data/GEO/series/GSE10799/GSE10799_family.soft.gz...
/proj/price1/vcassen/trends/data/GEO/series/GSE10799/GSE10799_family.soft: got 22 records
updating GSE10799...
platform GPL570 already in db and data.table exists, skipping
GSM272754 (GEO::SeriesData): writing data table to /proj/price1/vcassen/trends/data/GEO/sample_data/GSM272/GSM272754.table.data
updating GSM272754...
GSM272755 (GEO::SeriesData): writing data table to /proj/price1/vcassen/trends/data/GEO/sample_data/GSM272/GSM272755.table.data
updating GSM272755...
GSM272756 (GEO::SeriesData): writing data table to /proj/price1/vcassen/trends/data/GEO/sample_data/GSM272/GSM272756.table.data
updating GSM272756...
GSM272757 (GEO::SeriesData): writing data table to /proj/price1/vcassen/trends/data/GEO/sample_data/GSM272/GSM272757.table.data
updating GSM272757...
GSM272758 (GEO::SeriesData): writing data table to /proj/price1/vcassen/trends/data/GEO/sample_data/GSM272/GSM272758.table.data
updating GSM272758...
GSM272759 (GEO::SeriesData): writing data table to /proj/price1/vcassen/trends/data/GEO/sample_data/GSM272/GSM272759.table.data
updating GSM272759...
GSM272760 (GEO::SeriesData): writing data table to /proj/price1/vcassen/trends/data/GEO/sample_data/GSM272/GSM272760.table.data
updating GSM272760...
GSM272761 (GEO::SeriesData): writing data table to /proj/price1/vcassen/trends/data/GEO/sample_data/GSM272/GSM272761.table.data
updating GSM272761...
GSM272762 (GEO::SeriesData): writing data table to /proj/price1/vcassen/trends/data/GEO/sample_data/GSM272/GSM272762.table.data
updating GSM272762...
GSM272763 (GEO::SeriesData): writing data table to /proj/price1/vcassen/trends/data/GEO/sample_data/GSM272/GSM272763.table.data
updating GSM272763...
GSM272764 (GEO::SeriesData): writing data table to /proj/price1/vcassen/trends/data/GEO/sample_data/GSM272/GSM272764.table.data
updating GSM272764...
GSM272765 (GEO::SeriesData): writing data table to /proj/price1/vcassen/trends/data/GEO/sample_data/GSM272/GSM272765.table.data
updating GSM272765...
GSM272766 (GEO::SeriesData): writing data table to /proj/price1/vcassen/trends/data/GEO/sample_data/GSM272/GSM272766.table.data
updating GSM272766...
GSM272767 (GEO::SeriesData): writing data table to /proj/price1/vcassen/trends/data/GEO/sample_data/GSM272/GSM272767.table.data
updating GSM272767...
GSM272768 (GEO::SeriesData): writing data table to /proj/price1/vcassen/trends/data/GEO/sample_data/GSM272/GSM272768.table.data
updating GSM272768...
GSM272769 (GEO::SeriesData): writing data table to /proj/price1/vcassen/trends/data/GEO/sample_data/GSM272/GSM272769.table.data
updating GSM272769...
GSM272770 (GEO::SeriesData): writing data table to /proj/price1/vcassen/trends/data/GEO/sample_data/GSM272/GSM272770.table.data
updating GSM272770...
GSM272771 (GEO::SeriesData): writing data table to /proj/price1/vcassen/trends/data/GEO/sample_data/GSM272/GSM272771.table.data
updating GSM272771...
GSM272772 (GEO::SeriesData): writing data table to /proj/price1/vcassen/trends/data/GEO/sample_data/GSM272/GSM272772.table.data
updating GSM272772...
parsing /proj/price1/vcassen/trends/data/GEO/series/GSE12345/GSE12345_family.soft.gz...
/proj/price1/vcassen/trends/data/GEO/series/GSE12345/GSE12345_family.soft: got 16 records
updating GSE12345...
platform GPL570 already in db and data.table exists, skipping
GSM309986 (GEO::SeriesData): writing data table to /proj/price1/vcassen/trends/data/GEO/sample_data/GSM309/GSM309986.table.data
updating GSM309986...
GSM309987 (GEO::SeriesData): writing data table to /proj/price1/vcassen/trends/data/GEO/sample_data/GSM309/GSM309987.table.data
updating GSM309987...
GSM309988 (GEO::SeriesData): writing data table to /proj/price1/vcassen/trends/data/GEO/sample_data/GSM309/GSM309988.table.data
updating GSM309988...
GSM309989 (GEO::SeriesData): writing data table to /proj/price1/vcassen/trends/data/GEO/sample_data/GSM309/GSM309989.table.data
updating GSM309989...
GSM309990 (GEO::SeriesData): writing data table to /proj/price1/vcassen/trends/data/GEO/sample_data/GSM309/GSM309990.table.data
updating GSM309990...
GSM309991 (GEO::SeriesData): writing data table to /proj/price1/vcassen/trends/data/GEO/sample_data/GSM309/GSM309991.table.data
updating GSM309991...
GSM310012 (GEO::SeriesData): writing data table to /proj/price1/vcassen/trends/data/GEO/sample_data/GSM310/GSM310012.table.data
updating GSM310012...
GSM310013 (GEO::SeriesData): writing data table to /proj/price1/vcassen/trends/data/GEO/sample_data/GSM310/GSM310013.table.data
updating GSM310013...
GSM310014 (GEO::SeriesData): writing data table to /proj/price1/vcassen/trends/data/GEO/sample_data/GSM310/GSM310014.table.data
updating GSM310014...
GSM310015 (GEO::SeriesData): writing data table to /proj/price1/vcassen/trends/data/GEO/sample_data/GSM310/GSM310015.table.data
updating GSM310015...
GSM310016 (GEO::SeriesData): writing data table to /proj/price1/vcassen/trends/data/GEO/sample_data/GSM310/GSM310016.table.data
updating GSM310016...
GSM310068 (GEO::SeriesData): writing data table to /proj/price1/vcassen/trends/data/GEO/sample_data/GSM310/GSM310068.table.data
updating GSM310068...
GSM310070 (GEO::SeriesData): writing data table to /proj/price1/vcassen/trends/data/GEO/sample_data/GSM310/GSM310070.table.data
updating GSM310070...
parsing /proj/price1/vcassen/trends/data/GEO/series/GSE12667/GSE12667_family.soft.gz...
