writing to db geo
processing 1 files
parsing /proj/price1/vcassen/trends/data/GEO/series/GSE994/GSE994_family.soft.gz...
trying to open /proj/price1/vcassen/trends/data/GEO/series/GSE994/GSE994_family.soft at /proj/price1/vcassen/trends/bin/../lib/ParseSoft.pm line 64.
updating GSE994...
platform GPL96 already in db and data.table exists, skipping
GSM15684 (GEO::SeriesData): writing data table to /proj/price1/vcassen/trends/data/GEO/sample_data/GSM156/GSM15684.table.data
updating GSM15684...
GSM15685 (GEO::SeriesData): writing data table to /proj/price1/vcassen/trends/data/GEO/sample_data/GSM156/GSM15685.table.data
updating GSM15685...
GSM15686 (GEO::SeriesData): writing data table to /proj/price1/vcassen/trends/data/GEO/sample_data/GSM156/GSM15686.table.data
updating GSM15686...
GSM15687 (GEO::SeriesData): writing data table to /proj/price1/vcassen/trends/data/GEO/sample_data/GSM156/GSM15687.table.data
updating GSM15687...
GSM15688 (GEO::SeriesData): writing data table to /proj/price1/vcassen/trends/data/GEO/sample_data/GSM156/GSM15688.table.data
updating GSM15688...
GSM15689 (GEO::SeriesData): writing data table to /proj/price1/vcassen/trends/data/GEO/sample_data/GSM156/GSM15689.table.data
updating GSM15689...
GSM15690 (GEO::SeriesData): writing data table to /proj/price1/vcassen/trends/data/GEO/sample_data/GSM156/GSM15690.table.data
updating GSM15690...
GSM15691 (GEO::SeriesData): writing data table to /proj/price1/vcassen/trends/data/GEO/sample_data/GSM156/GSM15691.table.data
updating GSM15691...
GSM15692 (GEO::SeriesData): writing data table to /proj/price1/vcassen/trends/data/GEO/sample_data/GSM156/GSM15692.table.data
updating GSM15692...
GSM15693 (GEO::SeriesData): writing data table to /proj/price1/vcassen/trends/data/GEO/sample_data/GSM156/GSM15693.table.data
updating GSM15693...
GSM15694 (GEO::SeriesData): writing data table to /proj/price1/vcassen/trends/data/GEO/sample_data/GSM156/GSM15694.table.data
updating GSM15694...
GSM15695 (GEO::SeriesData): writing data table to /proj/price1/vcassen/trends/data/GEO/sample_data/GSM156/GSM15695.table.data
updating GSM15695...
GSM15696 (GEO::SeriesData): writing data table to /proj/price1/vcassen/trends/data/GEO/sample_data/GSM156/GSM15696.table.data
updating GSM15696...
GSM15697 (GEO::SeriesData): writing data table to /proj/price1/vcassen/trends/data/GEO/sample_data/GSM156/GSM15697.table.data
updating GSM15697...
GSM15698 (GEO::SeriesData): writing data table to /proj/price1/vcassen/trends/data/GEO/sample_data/GSM156/GSM15698.table.data
updating GSM15698...
GSM15699 (GEO::SeriesData): writing data table to /proj/price1/vcassen/trends/data/GEO/sample_data/GSM156/GSM15699.table.data
updating GSM15699...
GSM15700 (GEO::SeriesData): writing data table to /proj/price1/vcassen/trends/data/GEO/sample_data/GSM157/GSM15700.table.data
updating GSM15700...
GSM15701 (GEO::SeriesData): writing data table to /proj/price1/vcassen/trends/data/GEO/sample_data/GSM157/GSM15701.table.data
updating GSM15701...
GSM15702 (GEO::SeriesData): writing data table to /proj/price1/vcassen/trends/data/GEO/sample_data/GSM157/GSM15702.table.data
updating GSM15702...
GSM15703 (GEO::SeriesData): writing data table to /proj/price1/vcassen/trends/data/GEO/sample_data/GSM157/GSM15703.table.data
updating GSM15703...
GSM15704 (GEO::SeriesData): writing data table to /proj/price1/vcassen/trends/data/GEO/sample_data/GSM157/GSM15704.table.data
updating GSM15704...
GSM15705 (GEO::SeriesData): writing data table to /proj/price1/vcassen/trends/data/GEO/sample_data/GSM157/GSM15705.table.data
updating GSM15705...
GSM15706 (GEO::SeriesData): writing data table to /proj/price1/vcassen/trends/data/GEO/sample_data/GSM157/GSM15706.table.data
updating GSM15706...
GSM15707 (GEO::SeriesData): writing data table to /proj/price1/vcassen/trends/data/GEO/sample_data/GSM157/GSM15707.table.data
updating GSM15707...
GSM15708 (GEO::SeriesData): writing data table to /proj/price1/vcassen/trends/data/GEO/sample_data/GSM157/GSM15708.table.data
updating GSM15708...
GSM15709 (GEO::SeriesData): writing data table to /proj/price1/vcassen/trends/data/GEO/sample_data/GSM157/GSM15709.table.data
updating GSM15709...
GSM15710 (GEO::SeriesData): writing data table to /proj/price1/vcassen/trends/data/GEO/sample_data/GSM157/GSM15710.table.data
updating GSM15710...
GSM15711 (GEO::SeriesData): writing data table to /proj/price1/vcassen/trends/data/GEO/sample_data/GSM157/GSM15711.table.data
updating GSM15711...
GSM15712 (GEO::SeriesData): writing data table to /proj/price1/vcassen/trends/data/GEO/sample_data/GSM157/GSM15712.table.data
updating GSM15712...
GSM15713 (GEO::SeriesData): writing data table to /proj/price1/vcassen/trends/data/GEO/sample_data/GSM157/GSM15713.table.data
updating GSM15713...
GSM15714 (GEO::SeriesData): writing data table to /proj/price1/vcassen/trends/data/GEO/sample_data/GSM157/GSM15714.table.data
updating GSM15714...
GSM15715 (GEO::SeriesData): writing data table to /proj/price1/vcassen/trends/data/GEO/sample_data/GSM157/GSM15715.table.data
updating GSM15715...
GSM15716 (GEO::SeriesData): writing data table to /proj/price1/vcassen/trends/data/GEO/sample_data/GSM157/GSM15716.table.data
updating GSM15716...
GSM15717 (GEO::SeriesData): writing data table to /proj/price1/vcassen/trends/data/GEO/sample_data/GSM157/GSM15717.table.data
updating GSM15717...
GSM15718 (GEO::SeriesData): writing data table to /proj/price1/vcassen/trends/data/GEO/sample_data/GSM157/GSM15718.table.data
updating GSM15718...
GSM15719 (GEO::SeriesData): writing data table to /proj/price1/vcassen/trends/data/GEO/sample_data/GSM157/GSM15719.table.data
updating GSM15719...
GSM15720 (GEO::SeriesData): writing data table to /proj/price1/vcassen/trends/data/GEO/sample_data/GSM157/GSM15720.table.data
updating GSM15720...
GSM15721 (GEO::SeriesData): writing data table to /proj/price1/vcassen/trends/data/GEO/sample_data/GSM157/GSM15721.table.data
updating GSM15721...
GSM15722 (GEO::SeriesData): writing data table to /proj/price1/vcassen/trends/data/GEO/sample_data/GSM157/GSM15722.table.data
updating GSM15722...
GSM15723 (GEO::SeriesData): writing data table to /proj/price1/vcassen/trends/data/GEO/sample_data/GSM157/GSM15723.table.data
updating GSM15723...
GSM15724 (GEO::SeriesData): writing data table to /proj/price1/vcassen/trends/data/GEO/sample_data/GSM157/GSM15724.table.data
updating GSM15724...
GSM15725 (GEO::SeriesData): writing data table to /proj/price1/vcassen/trends/data/GEO/sample_data/GSM157/GSM15725.table.data
updating GSM15725...
GSM15726 (GEO::SeriesData): writing data table to /proj/price1/vcassen/trends/data/GEO/sample_data/GSM157/GSM15726.table.data
updating GSM15726...
GSM15727 (GEO::SeriesData): writing data table to /proj/price1/vcassen/trends/data/GEO/sample_data/GSM157/GSM15727.table.data
updating GSM15727...
GSM15728 (GEO::SeriesData): writing data table to /proj/price1/vcassen/trends/data/GEO/sample_data/GSM157/GSM15728.table.data
updating GSM15728...
GSM15729 (GEO::SeriesData): writing data table to /proj/price1/vcassen/trends/data/GEO/sample_data/GSM157/GSM15729.table.data
updating GSM15729...
GSM15730 (GEO::SeriesData): writing data table to /proj/price1/vcassen/trends/data/GEO/sample_data/GSM157/GSM15730.table.data
updating GSM15730...
GSM15731 (GEO::SeriesData): writing data table to /proj/price1/vcassen/trends/data/GEO/sample_data/GSM157/GSM15731.table.data
updating GSM15731...
GSM15732 (GEO::SeriesData): writing data table to /proj/price1/vcassen/trends/data/GEO/sample_data/GSM157/GSM15732.table.data
updating GSM15732...
GSM15733 (GEO::SeriesData): writing data table to /proj/price1/vcassen/trends/data/GEO/sample_data/GSM157/GSM15733.table.data
updating GSM15733...
GSM15734 (GEO::SeriesData): writing data table to /proj/price1/vcassen/trends/data/GEO/sample_data/GSM157/GSM15734.table.data
updating GSM15734...
GSM15735 (GEO::SeriesData): writing data table to /proj/price1/vcassen/trends/data/GEO/sample_data/GSM157/GSM15735.table.data
updating GSM15735...
GSM15736 (GEO::SeriesData): writing data table to /proj/price1/vcassen/trends/data/GEO/sample_data/GSM157/GSM15736.table.data
updating GSM15736...
GSM15737 (GEO::SeriesData): writing data table to /proj/price1/vcassen/trends/data/GEO/sample_data/GSM157/GSM15737.table.data
updating GSM15737...
GSM15738 (GEO::SeriesData): writing data table to /proj/price1/vcassen/trends/data/GEO/sample_data/GSM157/GSM15738.table.data
updating GSM15738...
GSM15739 (GEO::SeriesData): writing data table to /proj/price1/vcassen/trends/data/GEO/sample_data/GSM157/GSM15739.table.data
updating GSM15739...
GSM15740 (GEO::SeriesData): writing data table to /proj/price1/vcassen/trends/data/GEO/sample_data/GSM157/GSM15740.table.data
updating GSM15740...
GSM15741 (GEO::SeriesData): writing data table to /proj/price1/vcassen/trends/data/GEO/sample_data/GSM157/GSM15741.table.data
updating GSM15741...
GSM15742 (GEO::SeriesData): writing data table to /proj/price1/vcassen/trends/data/GEO/sample_data/GSM157/GSM15742.table.data
updating GSM15742...
GSM15743 (GEO::SeriesData): writing data table to /proj/price1/vcassen/trends/data/GEO/sample_data/GSM157/GSM15743.table.data
updating GSM15743...
GSM15744 (GEO::SeriesData): writing data table to /proj/price1/vcassen/trends/data/GEO/sample_data/GSM157/GSM15744.table.data
updating GSM15744...
GSM15745 (GEO::SeriesData): writing data table to /proj/price1/vcassen/trends/data/GEO/sample_data/GSM157/GSM15745.table.data
updating GSM15745...
GSM15746 (GEO::SeriesData): writing data table to /proj/price1/vcassen/trends/data/GEO/sample_data/GSM157/GSM15746.table.data
updating GSM15746...
GSM15747 (GEO::SeriesData): writing data table to /proj/price1/vcassen/trends/data/GEO/sample_data/GSM157/GSM15747.table.data
updating GSM15747...
GSM15748 (GEO::SeriesData): writing data table to /proj/price1/vcassen/trends/data/GEO/sample_data/GSM157/GSM15748.table.data
updating GSM15748...
GSM15749 (GEO::SeriesData): writing data table to /proj/price1/vcassen/trends/data/GEO/sample_data/GSM157/GSM15749.table.data
updating GSM15749...
GSM15750 (GEO::SeriesData): writing data table to /proj/price1/vcassen/trends/data/GEO/sample_data/GSM157/GSM15750.table.data
updating GSM15750...
GSM15751 (GEO::SeriesData): writing data table to /proj/price1/vcassen/trends/data/GEO/sample_data/GSM157/GSM15751.table.data
updating GSM15751...
GSM15752 (GEO::SeriesData): writing data table to /proj/price1/vcassen/trends/data/GEO/sample_data/GSM157/GSM15752.table.data
updating GSM15752...
GSM15753 (GEO::SeriesData): writing data table to /proj/price1/vcassen/trends/data/GEO/sample_data/GSM157/GSM15753.table.data
updating GSM15753...
GSM15754 (GEO::SeriesData): writing data table to /proj/price1/vcassen/trends/data/GEO/sample_data/GSM157/GSM15754.table.data
updating GSM15754...
GSM15755 (GEO::SeriesData): writing data table to /proj/price1/vcassen/trends/data/GEO/sample_data/GSM157/GSM15755.table.data
updating GSM15755...
GSM15756 (GEO::SeriesData): writing data table to /proj/price1/vcassen/trends/data/GEO/sample_data/GSM157/GSM15756.table.data
updating GSM15756...
GSM15757 (GEO::SeriesData): writing data table to /proj/price1/vcassen/trends/data/GEO/sample_data/GSM157/GSM15757.table.data
updating GSM15757...
GSM15758 (GEO::SeriesData): writing data table to /proj/price1/vcassen/trends/data/GEO/sample_data/GSM157/GSM15758.table.data
updating GSM15758...
stats: $VAR1 = {
          'success' => 76,
          'updated' => 76
        };
